



















        }
        },
    ],
    }
    },
    },
{
}
     0K .                                                     100%  117M=0s
0 upgraded, 19 newly installed, 0 to remove and 20 not upgraded.
0 upgraded, 24 newly installed, 0 to remove and 20 not upgraded.
   â”â”â”â”â”â”â”â”â”â”â”â”â”â”â”â”â”â”â”â”â”â”â”â”â”â”â”â”â”â”â”â”â”â”â”â”â”â”â”â” 100.5/100.5 kB 31.7 MB/s eta 0:00:00
   â”â”â”â”â”â”â”â”â”â”â”â”â”â”â”â”â”â”â”â”â”â”â”â”â”â”â”â”â”â”â”â”â”â”â”â”â”â”â”â” 107.4/107.4 kB 30.4 MB/s eta 0:00:00
   â”â”â”â”â”â”â”â”â”â”â”â”â”â”â”â”â”â”â”â”â”â”â”â”â”â”â”â”â”â”â”â”â”â”â”â”â”â”â”â” 11.0/11.0 MB 102.7 MB/s eta 0:00:00
   â”â”â”â”â”â”â”â”â”â”â”â”â”â”â”â”â”â”â”â”â”â”â”â”â”â”â”â”â”â”â”â”â”â”â”â”â”â”â”â” 118.7/118.7 kB 27.0 MB/s eta 0:00:00
     â”â”â”â”â”â”â”â”â”â”â”â”â”â”â”â”â”â”â”â”â”â”â”â”â”â”â”â”â”â”â”â”â”â”â”â”â”â”â” 118.8/118.8 kB 4.2 MB/s eta 0:00:00
   â”â”â”â”â”â”â”â”â”â”â”â”â”â”â”â”â”â”â”â”â”â”â”â”â”â”â”â”â”â”â”â”â”â”â”â”â”â”â”â” 121.1/121.1 kB 33.8 MB/s eta 0:00:00
   â”â”â”â”â”â”â”â”â”â”â”â”â”â”â”â”â”â”â”â”â”â”â”â”â”â”â”â”â”â”â”â”â”â”â”â”â”â”â”â” 121.2/121.2 kB 34.8 MB/s eta 0:00:00
   â”â”â”â”â”â”â”â”â”â”â”â”â”â”â”â”â”â”â”â”â”â”â”â”â”â”â”â”â”â”â”â”â”â”â”â”â”â”â”â” 1.2/1.2 MB 95.4 MB/s eta 0:00:00
   â”â”â”â”â”â”â”â”â”â”â”â”â”â”â”â”â”â”â”â”â”â”â”â”â”â”â”â”â”â”â”â”â”â”â”â”â”â”â”â” 124.2/124.2 kB 21.9 MB/s eta 0:00:00
   â”â”â”â”â”â”â”â”â”â”â”â”â”â”â”â”â”â”â”â”â”â”â”â”â”â”â”â”â”â”â”â”â”â”â”â”â”â”â”â” 133.6/133.6 kB 40.1 MB/s eta 0:00:00
   â”â”â”â”â”â”â”â”â”â”â”â”â”â”â”â”â”â”â”â”â”â”â”â”â”â”â”â”â”â”â”â”â”â”â”â”â”â”â”â” 138.3/138.3 kB 37.8 MB/s eta 0:00:00
[1/4] Resolving packages...
   â”â”â”â”â”â”â”â”â”â”â”â”â”â”â”â”â”â”â”â”â”â”â”â”â”â”â”â”â”â”â”â”â”â”â”â”â”â”â”â” 1.5/1.5 MB 96.6 MB/s eta 0:00:00
   â”â”â”â”â”â”â”â”â”â”â”â”â”â”â”â”â”â”â”â”â”â”â”â”â”â”â”â”â”â”â”â”â”â”â”â”â”â”â”â” 154.2/154.2 kB 42.3 MB/s eta 0:00:00
   â”â”â”â”â”â”â”â”â”â”â”â”â”â”â”â”â”â”â”â”â”â”â”â”â”â”â”â”â”â”â”â”â”â”â”â”â”â”â”â” 1.6/1.6 MB 26.9 MB/s eta 0:00:00
   â”â”â”â”â”â”â”â”â”â”â”â”â”â”â”â”â”â”â”â”â”â”â”â”â”â”â”â”â”â”â”â”â”â”â”â”â”â”â”â” 167.3/167.3 kB 43.7 MB/s eta 0:00:00
2024-10-22 04:47:42 (117 MB/s) - â€˜branches.jsonâ€™ saved [1345/1345]
--2024-10-22 04:47:42--  https://raw.githubusercontent.com/cylc/cylc-admin/master/docs/status/branches.json
2.0.384.1
22.04.5
============================= 229 passed in 1.78s ==============================
[2/4] Fetching packages...
   â”â”â”â”â”â”â”â”â”â”â”â”â”â”â”â”â”â”â”â”â”â”â”â”â”â”â”â”â”â”â”â”â”â”â”â”â”â”â”â” 252.5/252.5 kB 58.1 MB/s eta 0:00:00
   â”â”â”â”â”â”â”â”â”â”â”â”â”â”â”â”â”â”â”â”â”â”â”â”â”â”â”â”â”â”â”â”â”â”â”â”â”â”â”â” 2.8/2.8 MB 108.8 MB/s eta 0:00:00
   â”â”â”â”â”â”â”â”â”â”â”â”â”â”â”â”â”â”â”â”â”â”â”â”â”â”â”â”â”â”â”â”â”â”â”â”â”â”â”â” 287.3/287.3 kB 61.0 MB/s eta 0:00:00
   â”â”â”â”â”â”â”â”â”â”â”â”â”â”â”â”â”â”â”â”â”â”â”â”â”â”â”â”â”â”â”â”â”â”â”â”â”â”â”â” 297.2/297.2 kB 64.1 MB/s eta 0:00:00
   â”â”â”â”â”â”â”â”â”â”â”â”â”â”â”â”â”â”â”â”â”â”â”â”â”â”â”â”â”â”â”â”â”â”â”â”â”â”â”â” 311.6/311.6 kB 64.4 MB/s eta 0:00:00
   â”â”â”â”â”â”â”â”â”â”â”â”â”â”â”â”â”â”â”â”â”â”â”â”â”â”â”â”â”â”â”â”â”â”â”â”â”â”â”â” 3.2/3.2 MB 109.0 MB/s eta 0:00:00
   â”â”â”â”â”â”â”â”â”â”â”â”â”â”â”â”â”â”â”â”â”â”â”â”â”â”â”â”â”â”â”â”â”â”â”â”â”â”â”â” 325.3/325.3 kB 61.4 MB/s eta 0:00:00
[3/4] Linking dependencies...
[36;1m    >> "$REQS"[0m
[36;1m    >> "$REQS"[0m
[36;1m    >> "$REQS"[0m
[36;1m    >> "$REQS"[0m
[36;1m[0m
[36;1m[0m
[36;1m[0m
[36;1m  build-essential \[0m
[36;1mcat "$REQS"[0m
[36;1mcat branches.json[0m
[36;1m    "cylc-flow[] @ git+https://github.com/cylc/cylc-flow@${cylc_flow}" \[0m
[36;1m    "cylc-rose[] @ git+https://github.com/cylc/cylc-rose@${cylc_rose}" \[0m
[36;1m    "cylc-uiserver[all] @ git+https://github.com/cylc/cylc-uiserver@${cylc_uis}" \[0m
[36;1mecho "$FCM_PATH" >> "${GITHUB_PATH}"[0m
[36;1m  echo \[0m
[36;1m  echo \[0m
[36;1m  echo \[0m
[36;1m  echo \[0m
[36;1mecho "export PATH=\"$FCM_PATH:\$PATH\"" >> "$HOME/.bashrc"[0m
[36;1m  >> /etc/apt/sources.list.d/subversion19.list'[0m
[36;1metc/bin/rose-test-battery -j 4 --state=save[0m
[36;1mFCM_PATH="$GITHUB_WORKSPACE/fcm/bin"[0m
[36;1mfi[0m
[36;1mfi[0m
[36;1mfi[0m
[36;1mfi[0m
[36;1m  gfortran \[0m
[36;1m/home/runner/work/_actions/cylc/release-actions/v1/configure-git/configure-git.sh[0m
[36;1m/home/runner/work/_actions/cylc/release-actions/v1/install-cylc-components/../bin/pick_compatible_branches[0m
[36;1m  https://raw.githubusercontent.com/cylc/cylc-admin/master/docs/status/branches.json[0m
[36;1mif [[ false == true ]]; then[0m
[36;1mif [[ false == true ]]; then[0m
[36;1mif [[ true == true ]]; then[0m
[36;1mif [[ true == true ]]; then[0m
[36;1m# install FCM deps[0m
[36;1m# install wandisco[0m
[36;1m  libconfig-inifiles-perl \[0m
[36;1m  libdbd-sqlite3-perl[0m
[36;1m  libdbi-perl \[0m
[36;1m  libxml-parser-perl \[0m
[36;1m  `lsb_release -cs` svn19" \[0m
[36;1m    "metomi-rose[all] @ git+https://github.com/metomi/rose@${meto_rose}" \[0m
[36;1mpip install -r "$REQS"[0m
[36;1mpip install ."[tests,docs,graph,rosa]"[0m
[36;1m# prepend FCM bin to $PATH[0m
[36;1mpytest[0m
[36;1mREQS=requirement.txt[0m
[36;1m# rose tests should pass first time around[0m
[36;1m  subversion \[0m
[36;1msudo apt-get install -y \[0m
[36;1msudo apt-get install -y shellcheck sqlite3 at graphviz graphviz-dev[0m
[36;1msudo apt-get update[0m
[36;1m  | sudo apt-key add -[0m
[36;1msudo sh -c 'echo "deb http://opensource.wandisco.com/ubuntu \[0m
[36;1msudo wget -q http://opensource.wandisco.com/wandisco-debian.gpg -O- \[0m
[36;1m# the bashrc wat (needed for subsequent gh action steps)[0m
[36;1m# the github actions way (needed for cylc jobs)[0m
[36;1mtouch "$REQS"[0m
[36;1mwget \[0m
[36;1myarn install[0m
   â”â”â”â”â”â”â”â”â”â”â”â”â”â”â”â”â”â”â”â”â”â”â”â”â”â”â”â”â”â”â”â”â”â”â”â”â”â”â”â” 4.0/4.0 MB 102.7 MB/s eta 0:00:00
   â”â”â”â”â”â”â”â”â”â”â”â”â”â”â”â”â”â”â”â”â”â”â”â”â”â”â”â”â”â”â”â”â”â”â”â”â”â”â”â” 41.3/41.3 kB 11.3 MB/s eta 0:00:00
   â”â”â”â”â”â”â”â”â”â”â”â”â”â”â”â”â”â”â”â”â”â”â”â”â”â”â”â”â”â”â”â”â”â”â”â”â”â”â”â” 42.0/42.0 kB 12.2 MB/s eta 0:00:00
   â”â”â”â”â”â”â”â”â”â”â”â”â”â”â”â”â”â”â”â”â”â”â”â”â”â”â”â”â”â”â”â”â”â”â”â”â”â”â”â” 427.9/427.9 kB 71.5 MB/s eta 0:00:00
   â”â”â”â”â”â”â”â”â”â”â”â”â”â”â”â”â”â”â”â”â”â”â”â”â”â”â”â”â”â”â”â”â”â”â”â”â”â”â”â” 432.2/432.2 kB 71.9 MB/s eta 0:00:00
[4/4] Building fresh packages...
   â”â”â”â”â”â”â”â”â”â”â”â”â”â”â”â”â”â”â”â”â”â”â”â”â”â”â”â”â”â”â”â”â”â”â”â”â”â”â”â” 48.4/48.4 kB 16.3 MB/s eta 0:00:00
   â”â”â”â”â”â”â”â”â”â”â”â”â”â”â”â”â”â”â”â”â”â”â”â”â”â”â”â”â”â”â”â”â”â”â”â”â”â”â”â” 508.0/508.0 kB 80.6 MB/s eta 0:00:00
   â”â”â”â”â”â”â”â”â”â”â”â”â”â”â”â”â”â”â”â”â”â”â”â”â”â”â”â”â”â”â”â”â”â”â”â”â”â”â”â” 53.5/53.5 kB 16.9 MB/s eta 0:00:00
   â”â”â”â”â”â”â”â”â”â”â”â”â”â”â”â”â”â”â”â”â”â”â”â”â”â”â”â”â”â”â”â”â”â”â”â”â”â”â”â” 54.2/54.2 kB 16.2 MB/s eta 0:00:00
   â”â”â”â”â”â”â”â”â”â”â”â”â”â”â”â”â”â”â”â”â”â”â”â”â”â”â”â”â”â”â”â”â”â”â”â”â”â”â”â” 563.0/563.0 kB 81.2 MB/s eta 0:00:00
   â”â”â”â”â”â”â”â”â”â”â”â”â”â”â”â”â”â”â”â”â”â”â”â”â”â”â”â”â”â”â”â”â”â”â”â”â”â”â”â” 570.5/570.5 kB 78.2 MB/s eta 0:00:00
   â”â”â”â”â”â”â”â”â”â”â”â”â”â”â”â”â”â”â”â”â”â”â”â”â”â”â”â”â”â”â”â”â”â”â”â”â”â”â”â” 60.5/60.5 kB 19.2 MB/s eta 0:00:00
   â”â”â”â”â”â”â”â”â”â”â”â”â”â”â”â”â”â”â”â”â”â”â”â”â”â”â”â”â”â”â”â”â”â”â”â”â”â”â”â” 62.6/62.6 kB 18.9 MB/s eta 0:00:00
   â”â”â”â”â”â”â”â”â”â”â”â”â”â”â”â”â”â”â”â”â”â”â”â”â”â”â”â”â”â”â”â”â”â”â”â”â”â”â”â” 63.0/63.0 kB 19.8 MB/s eta 0:00:00
   â”â”â”â”â”â”â”â”â”â”â”â”â”â”â”â”â”â”â”â”â”â”â”â”â”â”â”â”â”â”â”â”â”â”â”â”â”â”â”â” 70.4/70.4 kB 23.1 MB/s eta 0:00:00
   â”â”â”â”â”â”â”â”â”â”â”â”â”â”â”â”â”â”â”â”â”â”â”â”â”â”â”â”â”â”â”â”â”â”â”â”â”â”â”â” 81.7/81.7 kB 15.5 MB/s eta 0:00:00
        "8.3": {
        "8.4": {
   â”â”â”â”â”â”â”â”â”â”â”â”â”â”â”â”â”â”â”â”â”â”â”â”â”â”â”â”â”â”â”â”â”â”â”â”â”â”â”â” 84.7/84.7 kB 24.5 MB/s eta 0:00:00
   â”â”â”â”â”â”â”â”â”â”â”â”â”â”â”â”â”â”â”â”â”â”â”â”â”â”â”â”â”â”â”â”â”â”â”â”â”â”â”â” 84.9/84.9 kB 27.5 MB/s eta 0:00:00
   â”â”â”â”â”â”â”â”â”â”â”â”â”â”â”â”â”â”â”â”â”â”â”â”â”â”â”â”â”â”â”â”â”â”â”â”â”â”â”â” 858.6/858.6 kB 91.6 MB/s eta 0:00:00
   â”â”â”â”â”â”â”â”â”â”â”â”â”â”â”â”â”â”â”â”â”â”â”â”â”â”â”â”â”â”â”â”â”â”â”â”â”â”â”â” 90.6/90.6 kB 28.2 MB/s eta 0:00:00
91a7b0d39a26339195d8cecefc8a84925acefe16
   â”â”â”â”â”â”â”â”â”â”â”â”â”â”â”â”â”â”â”â”â”â”â”â”â”â”â”â”â”â”â”â”â”â”â”â”â”â”â”â” 93.0/93.0 kB 29.4 MB/s eta 0:00:00
   â”â”â”â”â”â”â”â”â”â”â”â”â”â”â”â”â”â”â”â”â”â”â”â”â”â”â”â”â”â”â”â”â”â”â”â”â”â”â”â” 94.0/94.0 kB 28.5 MB/s eta 0:00:00
     â”â”â”â”â”â”â”â”â”â”â”â”â”â”â”â”â”â”â”â”â”â”â”â”â”â”â”â”â”â”â”â”â”â”â”â”â”â”â”â” 97.5/97.5 kB 11.3 MB/s eta 0:00:00
   â”â”â”â”â”â”â”â”â”â”â”â”â”â”â”â”â”â”â”â”â”â”â”â”â”â”â”â”â”â”â”â”â”â”â”â”â”â”â”â” 984.1/984.1 kB 91.0 MB/s eta 0:00:00
Actions: write
Adding repository directory to the temporary git global config as a safe directory
Adding repository directory to the temporary git global config as a safe directory
Adding repository directory to the temporary git global config as a safe directory
Adding repository directory to the temporary git global config as a safe directory
afbcedeb8dc954dacb4669f53910a3193e806ec5
After this operation, 16.3 MB of additional disk space will be used.
After this operation, 7402 kB of additional disk space will be used.
  allow-prereleases: false
All tests successful.
  at graphviz libann0 libcdt5 libcgraph6 libgail-common libgail18
  Attempting uninstall: cylc-flow
Attestations: write
  BASE_BRANCH: refs/heads/master
    "branch_actions": {
 * branch            afbcedeb8dc954dacb4669f53910a3193e806ec5 -> FETCH_HEAD
branch 'master' set up to track 'origin/master'.
build-essential is already the newest version (12.9ubuntu3).
build-essential set to manually installed.
Building dependency tree...
Building dependency tree...
  Building wheel for cylc-flow (pyproject.toml): finished with status 'done'
  Building wheel for cylc-flow (pyproject.toml): started
  Building wheel for cylc-rose (pyproject.toml): finished with status 'done'
  Building wheel for cylc-rose (pyproject.toml): started
  Building wheel for metomi-rose (pyproject.toml): finished with status 'done'
  Building wheel for metomi-rose (pyproject.toml): started
  Building wheel for promise (pyproject.toml): finished with status 'done'
  Building wheel for promise (pyproject.toml): started
  Building wheel for pygraphviz (pyproject.toml): finished with status 'done'
  Building wheel for pygraphviz (pyproject.toml): started
  Building wheel for rx (pyproject.toml): finished with status 'done'
  Building wheel for rx (pyproject.toml): started
Building wheels for collected packages: cylc-flow, cylc-rose
Building wheels for collected packages: metomi-rose, pygraphviz, promise, rx
cachedir: .pytest_cache
changes and commit them, and you can discard any commits you make in this
  check-latest: false
Checks: write
Cleaning up orphan processes
  clean: true
  clean: true
  Cloning https://github.com/cylc/cylc-flow (to revision master) to /tmp/pip-install-_pcpwqbm/cylc-flow_e661f092df8e48aca5db9d213e458507
  Cloning https://github.com/cylc/cylc-rose (to revision master) to /tmp/pip-install-_pcpwqbm/cylc-rose_20391433ca5348518cfcf6f0725ff4e1
Collecting aiofiles (from metomi-rose==2.4.0.dev0)
Collecting aiosmtpd (from metomi-rose==2.4.0.dev0)
Collecting alabaster<0.8,>=0.7 (from sphinx->metomi-rose==2.4.0.dev0)
Collecting aniso8601<=7,>=3 (from graphene<3,>=2.1->cylc-flow->cylc-sphinx-extensions[all]>=1.2.0; extra == "docs"->metomi-rose==2.4.0.dev0)
Collecting ansimarkup>=1.0.0 (from cylc-flow->cylc-sphinx-extensions[all]>=1.2.0; extra == "docs"->metomi-rose==2.4.0.dev0)
Collecting async-timeout>=3.0.0 (from cylc-flow->cylc-sphinx-extensions[all]>=1.2.0; extra == "docs"->metomi-rose==2.4.0.dev0)
Collecting atpublic (from aiosmtpd->metomi-rose==2.4.0.dev0)
Collecting attrs (from aiosmtpd->metomi-rose==2.4.0.dev0)
Collecting babel>=2.9 (from sphinx->metomi-rose==2.4.0.dev0)
Collecting certifi>=2017.4.17 (from requests->metomi-rose==2.4.0.dev0)
Collecting cffi>=1.12 (from cryptography>=2.0->SecretStorage>=3.2->keyring==23.*->metomi-rose==2.4.0.dev0)
Collecting charset-normalizer<4,>=2 (from requests->metomi-rose==2.4.0.dev0)
collecting ... collected 229 items
Collecting colorama<1,>=0.4 (from cylc-flow->cylc-sphinx-extensions[all]>=1.2.0; extra == "docs"->metomi-rose==2.4.0.dev0)
Collecting cryptography>=2.0 (from SecretStorage>=3.2->keyring==23.*->metomi-rose==2.4.0.dev0)
Collecting cylc-flow (from cylc-sphinx-extensions[all]>=1.2.0; extra == "docs"->metomi-rose==2.4.0.dev0)
Collecting cylc-flow@ git+https://github.com/cylc/cylc-flow@master (from -r requirement.txt (line 1))
Collecting cylc-rose@ git+https://github.com/cylc/cylc-rose@master (from -r requirement.txt (line 2))
Collecting cylc-sphinx-extensions>=1.2.0 (from cylc-sphinx-extensions[all]>=1.2.0; extra == "docs"->metomi-rose==2.4.0.dev0)
Collecting docutils<0.20,>=0.14 (from sphinx->metomi-rose==2.4.0.dev0)
Collecting exceptiongroup>=1.0.0rc8 (from pytest->metomi-rose==2.4.0.dev0)
Collecting graphene<3,>=2.1 (from cylc-flow->cylc-sphinx-extensions[all]>=1.2.0; extra == "docs"->metomi-rose==2.4.0.dev0)
Collecting graphql-core<3,>=2.1 (from graphene<3,>=2.1->cylc-flow->cylc-sphinx-extensions[all]>=1.2.0; extra == "docs"->metomi-rose==2.4.0.dev0)
Collecting graphql-relay<3,>=2 (from graphene<3,>=2.1->cylc-flow->cylc-sphinx-extensions[all]>=1.2.0; extra == "docs"->metomi-rose==2.4.0.dev0)
Collecting greenlet!=0.4.17 (from sqlalchemy==1.*->metomi-rose==2.4.0.dev0)
Collecting hieroglyph>=2.1.0 (from metomi-rose==2.4.0.dev0)
Collecting idna<4,>=2.5 (from requests->metomi-rose==2.4.0.dev0)
Collecting imagesize>=1.3 (from sphinx->metomi-rose==2.4.0.dev0)
Collecting importlib-metadata>=5.0 (from metomi-rose==2.4.0.dev0)
Collecting importlib-resources>=2.0 (from metomi-rose==2.4.0.dev0)
Collecting iniconfig (from pytest->metomi-rose==2.4.0.dev0)
Collecting jaraco.classes (from keyring==23.*->metomi-rose==2.4.0.dev0)
Collecting jeepney>=0.4.2 (from keyring==23.*->metomi-rose==2.4.0.dev0)
Collecting jinja2>=2.10.1 (from metomi-rose==2.4.0.dev0)
Collecting jinja2>=2.10.1 (from metomi-rose==2.4.0.dev0)
Collecting keyring==23.* (from metomi-rose==2.4.0.dev0)
Collecting ldap3 (from metomi-rose==2.4.0.dev0)
Collecting MarkupSafe>=2.0 (from jinja2>=2.10.1->metomi-rose==2.4.0.dev0)
Collecting metomi-isodatetime==1!3.* (from metomi-rose==2.4.0.dev0)
Collecting more-itertools (from jaraco.classes->keyring==23.*->metomi-rose==2.4.0.dev0)
Collecting packaging>=21.0 (from sphinx->metomi-rose==2.4.0.dev0)
Collecting pluggy<2.0,>=0.12 (from pytest->metomi-rose==2.4.0.dev0)
Collecting promise (from cylc-flow->cylc-sphinx-extensions[all]>=1.2.0; extra == "docs"->metomi-rose==2.4.0.dev0)
Collecting protobuf<4.25.0,>=4.24.4 (from cylc-flow->cylc-sphinx-extensions[all]>=1.2.0; extra == "docs"->metomi-rose==2.4.0.dev0)
Collecting psutil>=5.6.0 (from metomi-rose==2.4.0.dev0)
Collecting pyasn1>=0.4.6 (from ldap3->metomi-rose==2.4.0.dev0)
Collecting pycodestyle (from cylc-sphinx-extensions[all]>=1.2.0; extra == "docs"->metomi-rose==2.4.0.dev0)
Collecting pycparser (from cffi>=1.12->cryptography>=2.0->SecretStorage>=3.2->keyring==23.*->metomi-rose==2.4.0.dev0)
Collecting pygments (from cylc-sphinx-extensions[all]>=1.2.0; extra == "docs"->metomi-rose==2.4.0.dev0)
Collecting pygraphviz!=1.8,>1.0 (from metomi-rose==2.4.0.dev0)
Collecting pytest (from metomi-rose==2.4.0.dev0)
Collecting pytz>=2015.7 (from babel>=2.9->sphinx->metomi-rose==2.4.0.dev0)
Collecting pyzmq>=22 (from cylc-flow->cylc-sphinx-extensions[all]>=1.2.0; extra == "docs"->metomi-rose==2.4.0.dev0)
Collecting requests (from metomi-rose==2.4.0.dev0)
Collecting rx (from cylc-flow->cylc-sphinx-extensions[all]>=1.2.0; extra == "docs"->metomi-rose==2.4.0.dev0)
Collecting rx (from cylc-flow->cylc-sphinx-extensions[all]>=1.2.0; extra == "docs"->metomi-rose==2.4.0.dev0)
Collecting SecretStorage>=3.2 (from keyring==23.*->metomi-rose==2.4.0.dev0)
Collecting six (from sphinxcontrib-httpdomain->metomi-rose==2.4.0.dev0)
Collecting snowballstemmer>=2.0 (from sphinx->metomi-rose==2.4.0.dev0)
Collecting sphinxcontrib-applehelp (from sphinx->metomi-rose==2.4.0.dev0)
Collecting sphinxcontrib-devhelp (from sphinx->metomi-rose==2.4.0.dev0)
Collecting sphinxcontrib-htmlhelp>=2.0.0 (from sphinx->metomi-rose==2.4.0.dev0)
Collecting sphinxcontrib-httpdomain (from metomi-rose==2.4.0.dev0)
Collecting sphinxcontrib-jquery<5,>=4 (from sphinx-rtd-theme->metomi-rose==2.4.0.dev0)
Collecting sphinxcontrib-jsmath (from sphinx->metomi-rose==2.4.0.dev0)
Collecting sphinxcontrib-qthelp (from sphinx->metomi-rose==2.4.0.dev0)
Collecting sphinxcontrib-serializinghtml>=1.1.5 (from sphinx->metomi-rose==2.4.0.dev0)
Collecting sphinxcontrib-svg2pdfconverter (from metomi-rose==2.4.0.dev0)
Collecting sphinx (from metomi-rose==2.4.0.dev0)
Collecting sphinx-rtd-theme (from metomi-rose==2.4.0.dev0)
Collecting sqlalchemy==1.* (from metomi-rose==2.4.0.dev0)
Collecting tomli>=1.0.0 (from pytest->metomi-rose==2.4.0.dev0)
Collecting typing-extensions>=3.6.4 (from importlib-metadata>=5.0->metomi-rose==2.4.0.dev0)
Collecting urllib3<3,>=1.21.1 (from requests->metomi-rose==2.4.0.dev0)
Collecting urwid!=2.6.2,!=2.6.3,==2.* (from cylc-flow->cylc-sphinx-extensions[all]>=1.2.0; extra == "docs"->metomi-rose==2.4.0.dev0)
Collecting wcwidth (from urwid!=2.6.2,!=2.6.3,==2.*->cylc-flow->cylc-sphinx-extensions[all]>=1.2.0; extra == "docs"->metomi-rose==2.4.0.dev0)
Collecting zipp>=0.5 (from importlib-metadata>=5.0->metomi-rose==2.4.0.dev0)
[command]/usr/bin/git branch --list --remote origin/master
[command]/usr/bin/git checkout --progress --force afbcedeb8dc954dacb4669f53910a3193e806ec5
[command]/usr/bin/git checkout --progress --force -B master refs/remotes/origin/master
[command]/usr/bin/git config --global --add safe.directory /home/runner/work/rose/rose/fcm
[command]/usr/bin/git config --global --add safe.directory /home/runner/work/rose/rose/fcm
[command]/usr/bin/git config --global --add safe.directory /home/runner/work/rose/rose/rose
[command]/usr/bin/git config --global --add safe.directory /home/runner/work/rose/rose/rose
[command]/usr/bin/git config --local gc.auto 0
[command]/usr/bin/git config --local gc.auto 0
[command]/usr/bin/git config --local http.https://github.com/.extraheader AUTHORIZATION: basic ***
[command]/usr/bin/git config --local http.https://github.com/.extraheader AUTHORIZATION: basic ***
[command]/usr/bin/git config --local --name-only --get-regexp core\.sshCommand
[command]/usr/bin/git config --local --name-only --get-regexp core\.sshCommand
[command]/usr/bin/git config --local --name-only --get-regexp core\.sshCommand
[command]/usr/bin/git config --local --name-only --get-regexp core\.sshCommand
[command]/usr/bin/git config --local --name-only --get-regexp http\.https\:\/\/github\.com\/\.extraheader
[command]/usr/bin/git config --local --name-only --get-regexp http\.https\:\/\/github\.com\/\.extraheader
[command]/usr/bin/git config --local --name-only --get-regexp http\.https\:\/\/github\.com\/\.extraheader
[command]/usr/bin/git config --local --name-only --get-regexp http\.https\:\/\/github\.com\/\.extraheader
[command]/usr/bin/git config --local --unset-all extensions.worktreeConfig
[command]/usr/bin/git config --local --unset-all extensions.worktreeConfig
[command]/usr/bin/git config --local --unset-all http.https://github.com/.extraheader
[command]/usr/bin/git config --local --unset-all http.https://github.com/.extraheader
[command]/usr/bin/git -c protocol.version=2 fetch --no-tags --prune --no-recurse-submodules --depth=1 origin afbcedeb8dc954dacb4669f53910a3193e806ec5
[command]/usr/bin/git -c protocol.version=2 fetch --no-tags --prune --no-recurse-submodules --depth=1 origin +refs/heads/master*:refs/remotes/origin/master* +refs/tags/master*:refs/tags/master*
[command]/usr/bin/git init /home/runner/work/rose/rose/fcm
[command]/usr/bin/git init /home/runner/work/rose/rose/rose
[command]/usr/bin/git log -1 --format=%H
[command]/usr/bin/git log -1 --format=%H
[command]/usr/bin/git remote add origin https://github.com/metomi/fcm
[command]/usr/bin/git remote add origin https://github.com/metomi/rose
[command]/usr/bin/git sparse-checkout disable
[command]/usr/bin/git sparse-checkout disable
[command]/usr/bin/git submodule foreach --recursive sh -c "git config --local --name-only --get-regexp 'core\.sshCommand' && git config --local --unset-all 'core.sshCommand' || :"
[command]/usr/bin/git submodule foreach --recursive sh -c "git config --local --name-only --get-regexp 'core\.sshCommand' && git config --local --unset-all 'core.sshCommand' || :"
[command]/usr/bin/git submodule foreach --recursive sh -c "git config --local --name-only --get-regexp 'core\.sshCommand' && git config --local --unset-all 'core.sshCommand' || :"
[command]/usr/bin/git submodule foreach --recursive sh -c "git config --local --name-only --get-regexp 'core\.sshCommand' && git config --local --unset-all 'core.sshCommand' || :"
[command]/usr/bin/git submodule foreach --recursive sh -c "git config --local --name-only --get-regexp 'http\.https\:\/\/github\.com\/\.extraheader' && git config --local --unset-all 'http.https://github.com/.extraheader' || :"
[command]/usr/bin/git submodule foreach --recursive sh -c "git config --local --name-only --get-regexp 'http\.https\:\/\/github\.com\/\.extraheader' && git config --local --unset-all 'http.https://github.com/.extraheader' || :"
[command]/usr/bin/git submodule foreach --recursive sh -c "git config --local --name-only --get-regexp 'http\.https\:\/\/github\.com\/\.extraheader' && git config --local --unset-all 'http.https://github.com/.extraheader' || :"
[command]/usr/bin/git submodule foreach --recursive sh -c "git config --local --name-only --get-regexp 'http\.https\:\/\/github\.com\/\.extraheader' && git config --local --unset-all 'http.https://github.com/.extraheader' || :"
[command]/usr/bin/git version
[command]/usr/bin/git version
[command]/usr/bin/git version
[command]/usr/bin/git version
Complete job name: test (ubuntu-latest, 3.7)
configfile: pytest.ini
Connecting to raw.githubusercontent.com (raw.githubusercontent.com)|185.199.108.133|:443... connected.
Contents: write
Copying '/home/runner/.gitconfig' to '/home/runner/work/_temp/21a84814-b667-42b1-80cd-70a6c05d4c59/.gitconfig'
Copying '/home/runner/.gitconfig' to '/home/runner/work/_temp/b6e6a8d9-a4de-4f27-b4a9-1cd47fc80619/.gitconfig'
Copying '/home/runner/.gitconfig' to '/home/runner/work/_temp/eee7a407-1624-44cc-85a5-2cfce4e9f3bf/.gitconfig'
Created symlink /etc/systemd/system/multi-user.target.wants/atd.service â†’ /lib/systemd/system/atd.service.
  Created wheel for cylc-flow: filename=cylc_flow-8.4.0.dev0-py3-none-any.whl size=988962 sha256=dec19f309ff03156aa6f9b75095bfefc39823249ccbcb23d7d4752b78a5fa2ca
  Created wheel for cylc-rose: filename=cylc_rose-1.5.0.dev0-py3-none-any.whl size=42979 sha256=db2a03fd62e9af94fa2d878467bdb41e10c36811c90460501a7d06a1212dabe8
  Created wheel for metomi-rose: filename=metomi_rose-2.4.0.dev0-py3-none-any.whl size=927434 sha256=a0f941ed2b4991c429416c8ca7911ebcf640144319cac2562efee8aeace54c52
  Created wheel for promise: filename=promise-2.3-py3-none-any.whl size=21483 sha256=8159b13b2f8a49d88dae8df10c7993704eba77abd1305ab9c1ecba8c4414abca
  Created wheel for pygraphviz: filename=pygraphviz-1.7-cp37-cp37m-linux_x86_64.whl size=195149 sha256=954dee17ede845293f989cbec72dc0f8a3913c5699daa81a92b622d84a111998
  Created wheel for rx: filename=Rx-1.6.3-py2.py3-none-any.whl size=182331 sha256=71f2358a348b8beb68b0d48aa7a0a00bd20bc837ff1803dc949ff525443f4253
Current runner version: '2.320.0'
        "cylc/cylc-admin",
        "cylc/cylc-admin": ["system"]
        "cylc/cylc-doc",
            "cylc/cylc-doc": "8.3.x",
            "cylc/cylc-doc": "master",
        "cylc/cylc-doc": ["nightly"],
        "cylc/cylc-doc": ["test"],
        "cylc/cylc-flow",
            "cylc/cylc-flow": "8.3.x",
            "cylc/cylc-flow": "master",
        "cylc/cylc-flow": ["test_fast", "test_functional", "bash", "build", "test_manylinux", "test_conda-build", "test_tutorial_workflow"],
        "cylc/cylc.github.io",
        "cylc/cylc-rose",
            "cylc/cylc-rose": "1.4.x",
            "cylc/cylc-rose": "master",
        "cylc/cylc-rose": ["tests"],
        "cylc/cylc-sphinx-extensions",
        "cylc/cylc-textmate-grammar",
        "cylc/Cylc.tmbundle",
        "cylc/cylc-uiserver",
            "cylc/cylc-uiserver": "1.5.x",
            "cylc/cylc-uiserver": "master",
        "cylc/cylc-uiserver": ["test", "build"],
        "cylc/cylc.vim"
cylc_doc=master
CylcError: Clean failed:
cylc-flow[] @ git+https://github.com/cylc/cylc-flow@master
  cylc_flow: master
cylc_flow=master
  cylc_flow_repo: cylc/cylc-flow
  cylc_flow: true
        "cylc/language-cylc",
        "cylc/release-actions",
cylc-rose[] @ git+https://github.com/cylc/cylc-rose@master
  cylc_rose: master
cylc_rose=master
  cylc_rose_repo: cylc/cylc-rose
  cylc_rose: true
* cylc stop --kill rtb.20241022T044803Z/31-app-bunch/yGTTfA       # kill active tasks and wait
* cylc stop --now --now rtb.20241022T044803Z/31-app-bunch/yGTTfA  # don't wait
* cylc stop --now rtb.20241022T044803Z/31-app-bunch/yGTTfA        # don't wait for active tasks
* cylc stop rtb.20241022T044803Z/31-app-bunch/yGTTfA              # wait for active tasks/event handlers
  cylc_uiserver: false
cylc_uiserver=master
  cylc_uiserver_opts: all
  cylc_uiserver_repo: cylc/cylc-uiserver
  cylc_uis: master
        "cylc/vscode-cylc",
  default-mta | mail-transport-agent gsfonts graphviz-doc gvfs
Deployments: write
Discussions: write
Done in 2.96s.
do so (now or later) by using -c with the switch command. Example:
Download action repository 'actions/checkout@v4' (SHA:eef61447b9ff4aafe5dcd4e0bbf5d482be7e7871)
Download action repository 'actions/setup-python@v5' (SHA:f677139bbe7f9c59b41e40162b753c062f5d49a3)
Download action repository 'actions/upload-artifact@v4' (SHA:b4b15b8c7c6ac21ea08fcf65892d2ee8f75cf882)
Download action repository 'cylc/release-actions@v1' (SHA:d430ab0594e0681a522a3fc2fbec8d015a383826)
Downloading aiofiles-23.2.1-py3-none-any.whl (15 kB)
  Downloading aiofiles-23.2.1-py3-none-any.whl.metadata (9.7 kB)
Downloading aiosmtpd-1.4.4.post2-py3-none-any.whl (154 kB)
  Downloading aiosmtpd-1.4.4.post2-py3-none-any.whl.metadata (6.8 kB)
Downloading alabaster-0.7.13-py3-none-any.whl (13 kB)
  Downloading alabaster-0.7.13-py3-none-any.whl.metadata (3.0 kB)
Downloading aniso8601-7.0.0-py2.py3-none-any.whl (42 kB)
  Downloading aniso8601-7.0.0-py2.py3-none-any.whl.metadata (17 kB)
Downloading ansimarkup-2.1.0-py3-none-any.whl (11 kB)
  Downloading ansimarkup-2.1.0-py3-none-any.whl.metadata (11 kB)
Downloading async_timeout-4.0.3-py3-none-any.whl (5.7 kB)
  Downloading async_timeout-4.0.3-py3-none-any.whl.metadata (4.2 kB)
Downloading atpublic-3.1.2-py3-none-any.whl (4.8 kB)
  Downloading atpublic-3.1.2-py3-none-any.whl.metadata (1.8 kB)
Downloading attrs-24.2.0-py3-none-any.whl (63 kB)
  Downloading attrs-24.2.0-py3-none-any.whl.metadata (11 kB)
Downloading Babel-2.14.0-py3-none-any.whl (11.0 MB)
  Downloading Babel-2.14.0-py3-none-any.whl.metadata (1.6 kB)
Downloading certifi-2024.8.30-py3-none-any.whl (167 kB)
  Downloading certifi-2024.8.30-py3-none-any.whl.metadata (2.2 kB)
Downloading cffi-1.15.1-cp37-cp37m-manylinux_2_17_x86_64.manylinux2014_x86_64.whl (427 kB)
  Downloading cffi-1.15.1-cp37-cp37m-manylinux_2_17_x86_64.manylinux2014_x86_64.whl.metadata (1.1 kB)
Downloading charset_normalizer-3.4.0-cp37-cp37m-manylinux_2_17_x86_64.manylinux2014_x86_64.whl (138 kB)
  Downloading charset_normalizer-3.4.0-cp37-cp37m-manylinux_2_17_x86_64.manylinux2014_x86_64.whl.metadata (34 kB)
Downloading colorama-0.4.6-py2.py3-none-any.whl (25 kB)
  Downloading colorama-0.4.6-py2.py3-none-any.whl.metadata (17 kB)
Downloading cryptography-43.0.3-cp37-abi3-manylinux_2_28_x86_64.whl (4.0 MB)
  Downloading cryptography-43.0.3-cp37-abi3-manylinux_2_28_x86_64.whl.metadata (5.4 kB)
Downloading cylc_flow-8.3.5-py3-none-any.whl (984 kB)
  Downloading cylc_flow-8.3.5-py3-none-any.whl.metadata (11 kB)
Downloading cylc_sphinx_extensions-1.4.3-py3-none-any.whl (60 kB)
  Downloading cylc_sphinx_extensions-1.4.3-py3-none-any.whl.metadata (3.2 kB)
Downloading docutils-0.19-py3-none-any.whl (570 kB)
  Downloading docutils-0.19-py3-none-any.whl.metadata (2.7 kB)
Downloading exceptiongroup-1.2.2-py3-none-any.whl (16 kB)
  Downloading exceptiongroup-1.2.2-py3-none-any.whl.metadata (6.6 kB)
Downloading graphene-2.1.9-py2.py3-none-any.whl (107 kB)
  Downloading graphene-2.1.9-py2.py3-none-any.whl.metadata (7.9 kB)
Downloading graphql_core-2.3.2-py2.py3-none-any.whl (252 kB)
  Downloading graphql_core-2.3.2-py2.py3-none-any.whl.metadata (8.0 kB)
Downloading graphql_relay-2.0.1-py3-none-any.whl (20 kB)
  Downloading graphql_relay-2.0.1-py3-none-any.whl.metadata (10 kB)
Downloading greenlet-3.1.1-cp37-cp37m-manylinux_2_24_x86_64.manylinux_2_28_x86_64.whl (562 kB)
  Downloading greenlet-3.1.1-cp37-cp37m-manylinux_2_24_x86_64.manylinux_2_28_x86_64.whl.metadata (3.8 kB)
Downloading hieroglyph-2.1.0-py2.py3-none-any.whl (1.5 MB)
  Downloading hieroglyph-2.1.0-py2.py3-none-any.whl.metadata (9.5 kB)
Downloading idna-3.10-py3-none-any.whl (70 kB)
  Downloading idna-3.10-py3-none-any.whl.metadata (10 kB)
Downloading imagesize-1.4.1-py2.py3-none-any.whl (8.8 kB)
  Downloading imagesize-1.4.1-py2.py3-none-any.whl.metadata (1.5 kB)
Downloading importlib_metadata-6.7.0-py3-none-any.whl (22 kB)
  Downloading importlib_metadata-6.7.0-py3-none-any.whl.metadata (4.9 kB)
Downloading importlib_resources-5.12.0-py3-none-any.whl (36 kB)
  Downloading importlib_resources-5.12.0-py3-none-any.whl.metadata (4.1 kB)
Downloading iniconfig-2.0.0-py3-none-any.whl (5.9 kB)
  Downloading iniconfig-2.0.0-py3-none-any.whl.metadata (2.6 kB)
Downloading jaraco.classes-3.2.3-py3-none-any.whl (6.0 kB)
  Downloading jaraco.classes-3.2.3-py3-none-any.whl.metadata (2.9 kB)
Downloading jeepney-0.8.0-py3-none-any.whl (48 kB)
  Downloading jeepney-0.8.0-py3-none-any.whl.metadata (1.3 kB)
Downloading Jinja2-3.0.3-py3-none-any.whl (133 kB)
  Downloading Jinja2-3.0.3-py3-none-any.whl.metadata (3.5 kB)
  Downloading jinja2-3.1.4-py3-none-any.whl.metadata (2.6 kB)
Downloading keyring-23.13.1-py3-none-any.whl (37 kB)
  Downloading keyring-23.13.1-py3-none-any.whl.metadata (20 kB)
Downloading ldap3-2.9.1-py2.py3-none-any.whl (432 kB)
  Downloading ldap3-2.9.1-py2.py3-none-any.whl.metadata (5.4 kB)
Downloading MarkupSafe-2.1.5-cp37-cp37m-manylinux_2_17_x86_64.manylinux2014_x86_64.whl (25 kB)
  Downloading MarkupSafe-2.1.5-cp37-cp37m-manylinux_2_17_x86_64.manylinux2014_x86_64.whl.metadata (3.0 kB)
Downloading metomi_isodatetime-1%213.1.0-py3-none-any.whl (81 kB)
  Downloading metomi_isodatetime-1%213.1.0-py3-none-any.whl.metadata (14 kB)
Downloading more_itertools-9.1.0-py3-none-any.whl (54 kB)
  Downloading more_itertools-9.1.0-py3-none-any.whl.metadata (32 kB)
Downloading packaging-24.0-py3-none-any.whl (53 kB)
  Downloading packaging-24.0-py3-none-any.whl.metadata (3.2 kB)
Downloading pluggy-1.2.0-py3-none-any.whl (17 kB)
  Downloading pluggy-1.2.0-py3-none-any.whl.metadata (4.4 kB)
  Downloading promise-2.3.tar.gz (19 kB)
Downloading protobuf-4.24.4-cp37-abi3-manylinux2014_x86_64.whl (311 kB)
  Downloading protobuf-4.24.4-cp37-abi3-manylinux2014_x86_64.whl.metadata (540 bytes)
Downloading psutil-6.1.0-cp36-abi3-manylinux_2_12_x86_64.manylinux2010_x86_64.manylinux_2_17_x86_64.manylinux2014_x86_64.whl (287 kB)
  Downloading psutil-6.1.0-cp36-abi3-manylinux_2_12_x86_64.manylinux2010_x86_64.manylinux_2_17_x86_64.manylinux2014_x86_64.whl.metadata (22 kB)
Downloading pyasn1-0.5.1-py2.py3-none-any.whl (84 kB)
  Downloading pyasn1-0.5.1-py2.py3-none-any.whl.metadata (8.6 kB)
Downloading pycodestyle-2.10.0-py2.py3-none-any.whl (41 kB)
  Downloading pycodestyle-2.10.0-py2.py3-none-any.whl.metadata (31 kB)
Downloading pycparser-2.21-py2.py3-none-any.whl (118 kB)
  Downloading pycparser-2.21-py2.py3-none-any.whl.metadata (1.1 kB)
Downloading pygments-2.17.2-py3-none-any.whl (1.2 MB)
  Downloading pygments-2.17.2-py3-none-any.whl.metadata (2.6 kB)
  Downloading pygraphviz-1.7.zip (118 kB)
Downloading pytest-7.4.4-py3-none-any.whl (325 kB)
  Downloading pytest-7.4.4-py3-none-any.whl.metadata (7.9 kB)
Downloading pytz-2024.2-py2.py3-none-any.whl (508 kB)
  Downloading pytz-2024.2-py2.py3-none-any.whl.metadata (22 kB)
Downloading pyzmq-26.2.0-cp37-cp37m-manylinux_2_12_x86_64.manylinux2010_x86_64.whl (858 kB)
  Downloading pyzmq-26.2.0-cp37-cp37m-manylinux_2_12_x86_64.manylinux2010_x86_64.whl.metadata (6.2 kB)
Downloading requests-2.31.0-py3-none-any.whl (62 kB)
  Downloading requests-2.31.0-py3-none-any.whl.metadata (4.6 kB)
  Downloading Rx-1.6.3.tar.gz (97 kB)
  Downloading Rx-3.2.0-py3-none-any.whl.metadata (4.6 kB)
Downloading SecretStorage-3.3.3-py3-none-any.whl (15 kB)
  Downloading SecretStorage-3.3.3-py3-none-any.whl.metadata (4.0 kB)
Downloading six-1.16.0-py2.py3-none-any.whl (11 kB)
  Downloading six-1.16.0-py2.py3-none-any.whl.metadata (1.8 kB)
Downloading snowballstemmer-2.2.0-py2.py3-none-any.whl (93 kB)
  Downloading snowballstemmer-2.2.0-py2.py3-none-any.whl.metadata (6.5 kB)
Downloading sphinx-5.3.0-py3-none-any.whl (3.2 MB)
  Downloading sphinx-5.3.0-py3-none-any.whl.metadata (6.4 kB)
Downloading sphinxcontrib_applehelp-1.0.2-py2.py3-none-any.whl (121 kB)
  Downloading sphinxcontrib_applehelp-1.0.2-py2.py3-none-any.whl.metadata (1.4 kB)
Downloading sphinxcontrib_devhelp-1.0.2-py2.py3-none-any.whl (84 kB)
  Downloading sphinxcontrib_devhelp-1.0.2-py2.py3-none-any.whl.metadata (1.4 kB)
Downloading sphinxcontrib_htmlhelp-2.0.0-py2.py3-none-any.whl (100 kB)
  Downloading sphinxcontrib_htmlhelp-2.0.0-py2.py3-none-any.whl.metadata (1.6 kB)
Downloading sphinxcontrib_httpdomain-1.8.1-py2.py3-none-any.whl (25 kB)
  Downloading sphinxcontrib_httpdomain-1.8.1-py2.py3-none-any.whl.metadata (2.0 kB)
Downloading sphinxcontrib_jquery-4.1-py2.py3-none-any.whl (121 kB)
  Downloading sphinxcontrib_jquery-4.1-py2.py3-none-any.whl.metadata (2.6 kB)
Downloading sphinxcontrib_jsmath-1.0.1-py2.py3-none-any.whl (5.1 kB)
  Downloading sphinxcontrib_jsmath-1.0.1-py2.py3-none-any.whl.metadata (1.4 kB)
Downloading sphinxcontrib_qthelp-1.0.3-py2.py3-none-any.whl (90 kB)
  Downloading sphinxcontrib_qthelp-1.0.3-py2.py3-none-any.whl.metadata (1.4 kB)
Downloading sphinxcontrib_serializinghtml-1.1.5-py2.py3-none-any.whl (94 kB)
  Downloading sphinxcontrib_serializinghtml-1.1.5-py2.py3-none-any.whl.metadata (1.5 kB)
Downloading sphinxcontrib_svg2pdfconverter-1.2.3-py3-none-any.whl (8.2 kB)
  Downloading sphinxcontrib_svg2pdfconverter-1.2.3-py3-none-any.whl.metadata (3.3 kB)
Downloading sphinx_rtd_theme-2.0.0-py2.py3-none-any.whl (2.8 MB)
  Downloading sphinx_rtd_theme-2.0.0-py2.py3-none-any.whl.metadata (4.4 kB)
Downloading SQLAlchemy-1.4.54-cp37-cp37m-manylinux_2_5_x86_64.manylinux1_x86_64.manylinux_2_17_x86_64.manylinux2014_x86_64.whl (1.6 MB)
  Downloading SQLAlchemy-1.4.54-cp37-cp37m-manylinux_2_5_x86_64.manylinux1_x86_64.manylinux_2_17_x86_64.manylinux2014_x86_64.whl.metadata (10 kB)
Downloading tomli-2.0.1-py3-none-any.whl (12 kB)
  Downloading tomli-2.0.1-py3-none-any.whl.metadata (8.9 kB)
Downloading typing_extensions-4.7.1-py3-none-any.whl (33 kB)
  Downloading typing_extensions-4.7.1-py3-none-any.whl.metadata (3.1 kB)
Downloading urllib3-2.0.7-py3-none-any.whl (124 kB)
  Downloading urllib3-2.0.7-py3-none-any.whl.metadata (6.6 kB)
Downloading urwid-2.6.16-py3-none-any.whl (297 kB)
  Downloading urwid-2.6.16-py3-none-any.whl.metadata (11 kB)
Downloading wcwidth-0.2.13-py2.py3-none-any.whl (34 kB)
  Downloading wcwidth-0.2.13-py2.py3-none-any.whl.metadata (14 kB)
Downloading zipp-3.15.0-py3-none-any.whl (6.8 kB)
  Downloading zipp-3.15.0-py3-none-any.whl.metadata (3.7 kB)
##[endgroup]
##[endgroup]
##[endgroup]
##[endgroup]
##[endgroup]
##[endgroup]
##[endgroup]
##[endgroup]
##[endgroup]
##[endgroup]
##[endgroup]
##[endgroup]
##[endgroup]
##[endgroup]
##[endgroup]
##[endgroup]
##[endgroup]
##[endgroup]
##[endgroup]
##[endgroup]
##[endgroup]
##[endgroup]
##[endgroup]
##[endgroup]
##[endgroup]
##[endgroup]
##[endgroup]
##[endgroup]
##[endgroup]
##[endgroup]
##[endgroup]
##[endgroup]
##[endgroup]
##[endgroup]
env:
env:
env:
env:
env:
env:
env:
env:
env:
env:
env:
env:
env:
Error: Cannot clean running workflow rtb.20241022T044803Z/31-app-bunch/yGTTfA.
fatal: not in a git directory
  fetch-depth: 1
  fetch-depth: 1
Fetched 13.8 MB in 2s (7550 kB/s)
Fetched 2392 kB in 1s (1957 kB/s)
Fetched 6315 kB in 1s (6570 kB/s)
  fetch-tags: false
  fetch-tags: false
Files=195, Tests=3079, 274 wallclock secs ( 0.89 usr  0.35 sys + 298.10 cusr 72.70 csys = 372.04 CPU)
    Found existing installation: cylc-flow 8.3.5
From https://github.com/metomi/fcm
From https://github.com/metomi/rose
Get:10 http://azure.archive.ubuntu.com/ubuntu jammy/main amd64 libhttp-cookies-perl all 6.10-1 [18.4 kB]
Get:10 http://azure.archive.ubuntu.com/ubuntu jammy-updates/universe amd64 liblab-gamut1 amd64 2.42.2-6ubuntu0.1 [1965 kB]
Get:10 https://packages.microsoft.com/ubuntu/22.04/prod jammy/main arm64 Packages [38.8 kB]
Get:11 http://azure.archive.ubuntu.com/ubuntu jammy-updates/main amd64 libhttp-daemon-perl all 6.13-1ubuntu0.1 [22.9 kB]
Get:11 http://azure.archive.ubuntu.com/ubuntu jammy-updates/universe amd64 graphviz amd64 2.42.2-6ubuntu0.1 [653 kB]
Get:11 https://packages.microsoft.com/ubuntu/22.04/prod jammy/main amd64 Packages [168 kB]
Get:12 http://azure.archive.ubuntu.com/ubuntu jammy/main amd64 libhttp-negotiate-perl all 6.01-1 [12.5 kB]
Get:12 http://azure.archive.ubuntu.com/ubuntu jammy-updates/main amd64 libgtk2.0-common all 2.24.33-2ubuntu2.1 [125 kB]
Get:12 http://azure.archive.ubuntu.com/ubuntu jammy-updates/main amd64 Packages [2110 kB]
Get:13 http://azure.archive.ubuntu.com/ubuntu jammy/main amd64 perl-openssl-defaults amd64 5build2 [7542 B]
Get:13 http://azure.archive.ubuntu.com/ubuntu jammy-updates/main amd64 libgtk2.0-0 amd64 2.24.33-2ubuntu2.1 [2038 kB]
Get:13 http://azure.archive.ubuntu.com/ubuntu jammy-updates/main Translation-en [363 kB]
Get:14 http://azure.archive.ubuntu.com/ubuntu jammy/main amd64 libnet-ssleay-perl amd64 1.92-1build2 [327 kB]
Get:14 http://azure.archive.ubuntu.com/ubuntu jammy-updates/main amd64 c-n-f Metadata [17.9 kB]
Get:14 http://azure.archive.ubuntu.com/ubuntu jammy-updates/main amd64 libgail18 amd64 2.24.33-2ubuntu2.1 [15.9 kB]
Get:15 http://azure.archive.ubuntu.com/ubuntu jammy/main amd64 libio-socket-ssl-perl all 2.074-2 [192 kB]
Get:15 http://azure.archive.ubuntu.com/ubuntu jammy-updates/main amd64 libgail-common amd64 2.24.33-2ubuntu2.1 [132 kB]
Get:15 http://azure.archive.ubuntu.com/ubuntu jammy-updates/restricted amd64 Packages [2572 kB]
Get:16 http://azure.archive.ubuntu.com/ubuntu jammy/main amd64 libnet-http-perl all 6.22-1 [23.2 kB]
Get:16 http://azure.archive.ubuntu.com/ubuntu jammy-updates/restricted Translation-en [445 kB]
Get:16 http://azure.archive.ubuntu.com/ubuntu jammy-updates/universe amd64 libxdot4 amd64 2.42.2-6ubuntu0.1 [16.4 kB]
Get:17 http://azure.archive.ubuntu.com/ubuntu jammy/main amd64 libtry-tiny-perl all 0.31-1 [21.8 kB]
Get:17 http://azure.archive.ubuntu.com/ubuntu jammy-updates/universe amd64 libgvc6-plugins-gtk amd64 2.42.2-6ubuntu0.1 [22.5 kB]
Get:17 http://azure.archive.ubuntu.com/ubuntu jammy-updates/universe amd64 Packages [1132 kB]
Get:18 http://azure.archive.ubuntu.com/ubuntu jammy/main amd64 libwww-robotrules-perl all 6.02-1 [12.6 kB]
Get:18 http://azure.archive.ubuntu.com/ubuntu jammy-updates/universe amd64 libgraphviz-dev amd64 2.42.2-6ubuntu0.1 [58.5 kB]
Get:18 http://azure.archive.ubuntu.com/ubuntu jammy-updates/universe Translation-en [265 kB]
Get:19 http://azure.archive.ubuntu.com/ubuntu jammy/main amd64 libwww-perl all 6.61-1 [141 kB]
Get:19 http://azure.archive.ubuntu.com/ubuntu jammy-updates/main amd64 libgtk2.0-bin amd64 2.24.33-2ubuntu2.1 [7936 B]
Get:19 http://azure.archive.ubuntu.com/ubuntu jammy-updates/universe amd64 c-n-f Metadata [26.4 kB]
Get:1 file:/etc/apt/apt-mirrors.txt Mirrorlist [142 B]
Get:1 file:/etc/apt/apt-mirrors.txt Mirrorlist [142 B]
Get:1 file:/etc/apt/apt-mirrors.txt Mirrorlist [142 B]
Get:20 http://azure.archive.ubuntu.com/ubuntu jammy/main amd64 liblwp-protocol-https-perl all 6.10-1 [10.9 kB]
Get:20 http://azure.archive.ubuntu.com/ubuntu jammy-security/main amd64 Packages [1893 kB]
Get:20 http://azure.archive.ubuntu.com/ubuntu jammy/universe amd64 libgts-bin amd64 0.7.6+darcs121130-5 [44.3 kB]
Get:21 http://azure.archive.ubuntu.com/ubuntu jammy/main amd64 libnet-smtp-ssl-perl all 1.04-1 [5948 B]
Get:21 http://azure.archive.ubuntu.com/ubuntu jammy-security/main Translation-en [305 kB]
Get:22 http://azure.archive.ubuntu.com/ubuntu jammy/main amd64 libmailtools-perl all 2.21-1 [80.7 kB]
Get:22 http://azure.archive.ubuntu.com/ubuntu jammy-security/main amd64 c-n-f Metadata [13.3 kB]
Get:23 http://azure.archive.ubuntu.com/ubuntu jammy/main amd64 libxml-parser-perl amd64 2.46-3build1 [212 kB]
Get:23 http://azure.archive.ubuntu.com/ubuntu jammy-security/restricted amd64 Packages [2513 kB]
Get:24 http://azure.archive.ubuntu.com/ubuntu jammy/main amd64 libauthen-sasl-perl all 2.1600-1.1 [43.1 kB]
Get:24 http://azure.archive.ubuntu.com/ubuntu jammy-security/restricted Translation-en [435 kB]
Get:25 http://azure.archive.ubuntu.com/ubuntu jammy/main amd64 libconfig-inifiles-perl all 3.000003-1 [40.5 kB]
Get:25 http://azure.archive.ubuntu.com/ubuntu jammy-security/universe amd64 Packages [911 kB]
Get:26 http://azure.archive.ubuntu.com/ubuntu jammy-security/universe Translation-en [180 kB]
Get:27 http://azure.archive.ubuntu.com/ubuntu jammy-security/universe amd64 c-n-f Metadata [19.5 kB]
Get:2 http://azure.archive.ubuntu.com/ubuntu jammy/main amd64 libdata-dump-perl all 1.25-1 [25.9 kB]
Get:2 http://azure.archive.ubuntu.com/ubuntu jammy/universe amd64 at amd64 3.2.5-1ubuntu1 [41.1 kB]
Get:3 http://azure.archive.ubuntu.com/ubuntu jammy/main amd64 libdbi-perl amd64 1.643-3build3 [741 kB]
Get:3 http://azure.archive.ubuntu.com/ubuntu jammy/universe amd64 libann0 amd64 1.1.2+doc-7build1 [26.0 kB]
Get:3 http://azure.archive.ubuntu.com/ubuntu jammy-updates InRelease [128 kB]
Get:4 http://azure.archive.ubuntu.com/ubuntu jammy-backports InRelease [127 kB]
Get:4 http://azure.archive.ubuntu.com/ubuntu jammy/universe amd64 libdbd-sqlite3-perl amd64 1.70-3build1 [165 kB]
Get:4 http://azure.archive.ubuntu.com/ubuntu jammy-updates/universe amd64 libcdt5 amd64 2.42.2-6ubuntu0.1 [21.1 kB]
Get:5 http://azure.archive.ubuntu.com/ubuntu jammy/main amd64 libfile-listing-perl all 6.14-1 [11.2 kB]
Get:5 http://azure.archive.ubuntu.com/ubuntu jammy-security InRelease [129 kB]
Get:5 http://azure.archive.ubuntu.com/ubuntu jammy-updates/universe amd64 libcgraph6 amd64 2.42.2-6ubuntu0.1 [45.4 kB]
Get:6 http://azure.archive.ubuntu.com/ubuntu jammy/main amd64 libfont-afm-perl all 1.20-3 [13.6 kB]
Get:6 http://azure.archive.ubuntu.com/ubuntu jammy/universe amd64 libgts-0.7-5 amd64 0.7.6+darcs121130-5 [164 kB]
Get:7 http://azure.archive.ubuntu.com/ubuntu jammy/main amd64 libhtml-form-perl all 6.07-1 [22.2 kB]
Get:7 http://azure.archive.ubuntu.com/ubuntu jammy-updates/universe amd64 libpathplan4 amd64 2.42.2-6ubuntu0.1 [23.4 kB]
Get:7 https://packages.microsoft.com/ubuntu/22.04/prod jammy InRelease [3632 B]
Get:8 http://azure.archive.ubuntu.com/ubuntu jammy/main amd64 libhtml-tree-perl all 5.07-2 [200 kB]
Get:8 http://azure.archive.ubuntu.com/ubuntu jammy-updates/universe amd64 libgvc6 amd64 2.42.2-6ubuntu0.1 [724 kB]
Get:8 https://packages.microsoft.com/ubuntu/22.04/prod jammy/main all Packages [1243 B]
Get:9 http://azure.archive.ubuntu.com/ubuntu jammy/main amd64 libhtml-format-perl all 2.12-1.1 [41.3 kB]
Get:9 http://azure.archive.ubuntu.com/ubuntu jammy-updates/universe amd64 libgvpr2 amd64 2.42.2-6ubuntu0.1 [192 kB]
Get:9 https://packages.microsoft.com/ubuntu/22.04/prod jammy/main armhf Packages [15.3 kB]
Getting action download info
  Getting requirements to build wheel: finished with status 'done'
  Getting requirements to build wheel: finished with status 'done'
  Getting requirements to build wheel: finished with status 'done'
  Getting requirements to build wheel: finished with status 'done'
  Getting requirements to build wheel: finished with status 'done'
  Getting requirements to build wheel: finished with status 'done'
  Getting requirements to build wheel: started
  Getting requirements to build wheel: started
  Getting requirements to build wheel: started
  Getting requirements to build wheel: started
  Getting requirements to build wheel: started
  Getting requirements to build wheel: started
gfortran is already the newest version (4:11.2.0-1ubuntu1).
  git switch -
  git switch -c <new-branch-name>
git version 2.47.0
git version 2.47.0
git version 2.47.0
git version 2.47.0
##[group]Checking out the ref
##[group]Checking out the ref
##[group]Determining the checkout info
##[group]Determining the checkout info
##[group]Disabling automatic garbage collection
##[group]Disabling automatic garbage collection
##[group]Fetching the repository
##[group]Fetching the repository
##[group]Getting Git version info
##[group]Getting Git version info
##[group]GITHUB_TOKEN Permissions
##[group]Initializing the repository
##[group]Initializing the repository
##[group]Installed versions
##[group]Operating System
##[group]Run actions/checkout@v4
##[group]Run actions/checkout@v4
##[group]Run actions/setup-python@v5
##[group]Run cylc/release-actions/configure-git@v1
##[group]Run cylc/release-actions/install-cylc-components@v1
##[group]Run cylc/release-actions/patch-dns@v1
##[group]Run /home/runner/work/_actions/cylc/release-actions/v1/configure-git/configure-git.sh
##[group]Run /home/runner/work/_actions/cylc/release-actions/v1/install-cylc-components/../bin/pick_compatible_branches
##[group]Run # install FCM deps
##[group]Runner Image
##[group]Runner Image Provisioner
##[group]Run pip install ."[tests,docs,graph,rosa]"
##[group]Run pytest
##[group]Run REQS=requirement.txt
##[group]Run # rose tests should pass first time around
##[group]Run sudo apt-get update
##[group]Run wget \
##[group]Setting up auth
##[group]Setting up auth
HEAD is now at afbcede Update tutorials from cylc-flow (#2816)
hint:
hint:
hint:
hint:
hint:
hint:
hint: 'development'. The just-created branch can be renamed via this command:
hint: 'development'. The just-created branch can be renamed via this command:
hint: 	git branch -m <name>
hint: 	git branch -m <name>
hint: 	git config --global init.defaultBranch <name>
hint: 	git config --global init.defaultBranch <name>
hint: is subject to change. To configure the initial branch name to use in all
hint: is subject to change. To configure the initial branch name to use in all
hint: Names commonly chosen instead of 'master' are 'main', 'trunk' and
hint: Names commonly chosen instead of 'master' are 'main', 'trunk' and
hint: of your new repositories, which will suppress this warning, call:
hint: of your new repositories, which will suppress this warning, call:
hint: Using 'master' as the name for the initial branch. This default branch name
hint: Using 'master' as the name for the initial branch. This default branch name
Hit:2 http://azure.archive.ubuntu.com/ubuntu jammy InRelease
Hit:6 https://packages.microsoft.com/repos/azure-cli jammy InRelease
http.https://github.com/.extraheader
http.https://github.com/.extraheader
HTTP request sent, awaiting response... 200 OK
If you want to create a new branch to retain commits you create, you may
Image Release: https://github.com/actions/runner-images/releases/tag/ubuntu22%2F20241015.1
Image: ubuntu-22.04
Included Software: https://github.com/actions/runner-images/blob/ubuntu22/20241015.1/images/ubuntu/Ubuntu2204-Readme.md
Initialized empty Git repository in /home/runner/work/rose/rose/fcm/.git/
Initialized empty Git repository in /home/runner/work/rose/rose/rose/.git/
  Installing backend dependencies: finished with status 'done'
  Installing backend dependencies: finished with status 'done'
  Installing backend dependencies: finished with status 'done'
  Installing backend dependencies: finished with status 'done'
  Installing backend dependencies: finished with status 'done'
  Installing backend dependencies: finished with status 'done'
  Installing backend dependencies: started
  Installing backend dependencies: started
  Installing backend dependencies: started
  Installing backend dependencies: started
  Installing backend dependencies: started
  Installing backend dependencies: started
  Installing build dependencies: finished with status 'done'
  Installing build dependencies: finished with status 'done'
  Installing build dependencies: finished with status 'done'
  Installing build dependencies: finished with status 'done'
  Installing build dependencies: finished with status 'done'
  Installing build dependencies: finished with status 'done'
  Installing build dependencies: started
  Installing build dependencies: started
  Installing build dependencies: started
  Installing build dependencies: started
  Installing build dependencies: started
  Installing build dependencies: started
Installing collected packages: cylc-flow, cylc-rose
Installing collected packages: wcwidth, snowballstemmer, rx, pytz, aniso8601, zipp, urllib3, typing-extensions, tomli, sphinxcontrib-serializinghtml, sphinxcontrib-qthelp, sphinxcontrib-jsmath, sphinxcontrib-htmlhelp, sphinxcontrib-devhelp, sphinxcontrib-applehelp, six, pyzmq, pygraphviz, pygments, pycparser, pycodestyle, pyasn1, psutil, protobuf, packaging, more-itertools, metomi-isodatetime, MarkupSafe, jeepney, iniconfig, imagesize, idna, greenlet, exceptiongroup, docutils, colorama, charset-normalizer, certifi, babel, atpublic, alabaster, aiofiles, urwid, requests, promise, ldap3, jinja2, jaraco.classes, importlib-resources, importlib-metadata, cffi, async-timeout, ansimarkup, sqlalchemy, sphinx, pluggy, graphql-core, cryptography, attrs, sphinxcontrib-svg2pdfconverter, sphinxcontrib-jquery, sphinxcontrib-httpdomain, SecretStorage, pytest, hieroglyph, graphql-relay, cylc-sphinx-extensions, aiosmtpd, sphinx-rtd-theme, keyring, graphene, metomi-rose, cylc-flow
Issues: write
  LD_LIBRARY_PATH: /opt/hostedtoolcache/Python/3.7.17/x64/lib
  LD_LIBRARY_PATH: /opt/hostedtoolcache/Python/3.7.17/x64/lib
  LD_LIBRARY_PATH: /opt/hostedtoolcache/Python/3.7.17/x64/lib
  LD_LIBRARY_PATH: /opt/hostedtoolcache/Python/3.7.17/x64/lib
  LD_LIBRARY_PATH: /opt/hostedtoolcache/Python/3.7.17/x64/lib
  LD_LIBRARY_PATH: /opt/hostedtoolcache/Python/3.7.17/x64/lib
  LD_LIBRARY_PATH: /opt/hostedtoolcache/Python/3.7.17/x64/lib
  LD_LIBRARY_PATH: /opt/hostedtoolcache/Python/3.7.17/x64/lib
  LD_LIBRARY_PATH: /opt/hostedtoolcache/Python/3.7.17/x64/lib
  LD_LIBRARY_PATH: /opt/hostedtoolcache/Python/3.7.17/x64/lib
  LD_LIBRARY_PATH: /opt/hostedtoolcache/Python/3.7.17/x64/lib
  LD_LIBRARY_PATH: /opt/hostedtoolcache/Python/3.7.17/x64/lib
  LD_LIBRARY_PATH: /opt/hostedtoolcache/Python/3.7.17/x64/lib
Length: 1345 (1.3K) [text/plain]
  lfs: false
  lfs: false
  libann0 libcdt5 libcgraph6 libgail-common libgail18 libgtk2.0-0
  libauthen-ntlm-perl
  libauthen-sasl-perl libconfig-inifiles-perl libdata-dump-perl
  libauthen-sasl-perl libdata-dump-perl libfile-listing-perl libfont-afm-perl
  libdbd-sqlite3-perl libdbi-perl libfile-listing-perl libfont-afm-perl
  libdigest-hmac-perl libgssapi-perl libmldbm-perl libnet-daemon-perl
  libgraphviz-dev libgtk2.0-0 libgtk2.0-bin libgtk2.0-common libgts-0.7-5
  libgtk2.0-bin libgtk2.0-common libgts-0.7-5 libgts-bin libgvc6
  libgts-bin libgvc6 libgvc6-plugins-gtk libgvpr2 liblab-gamut1 libpathplan4
  libgvc6-plugins-gtk libgvpr2 liblab-gamut1 libpathplan4 libxdot4
  libhtml-form-perl libhtml-format-perl libhtml-tree-perl libhttp-cookies-perl
  libhtml-form-perl libhtml-format-perl libhtml-tree-perl libhttp-cookies-perl
  libhttp-daemon-perl libhttp-negotiate-perl libio-socket-ssl-perl
  libhttp-daemon-perl libhttp-negotiate-perl libio-socket-ssl-perl
  liblwp-protocol-https-perl libmailtools-perl libnet-http-perl
  liblwp-protocol-https-perl libmailtools-perl libnet-http-perl
  libnet-smtp-ssl-perl libnet-ssleay-perl libtry-tiny-perl libwww-perl
  libnet-smtp-ssl-perl libnet-ssleay-perl libtry-tiny-perl libwww-perl
  libsql-statement-perl libcrypt-ssleay-perl libsub-name-perl
  libwww-robotrules-perl libxml-parser-perl perl-openssl-defaults
  libwww-robotrules-perl perl-openssl-defaults
  libxdot4
ls: cannot access '/home/runner/work/rose/rose/etc/tutorial': No such file or directory
LTS
Metadata: read
  meta_release: AUTO
  META_RELEASE: AUTO
    "meta_releases": {
        "metomi/rose",
            "metomi/rose": "2.3.x"
metomi/rose/apps/rose_bunch.py::rose.apps.rose_bunch.simplify_path PASSED [  3%]
metomi/rose/date_cli.py::rose.date_cli._handle_old_offsets PASSED        [  1%]
metomi/rose/date.py::rose.date.upgrade_cylc5_datetime PASSED             [  0%]
metomi/rose/date.py::rose.date.upgrade_offset PASSED                     [  0%]
metomi/rose/date.py::rose.date.upgrade_unix_datetime PASSED              [  1%]
  metomi_rose: false
metomi/rose/host_select.py::rose.host_select._deserialise PASSED         [  2%]
metomi/rose/host_select.py::rose.host_select.HostSelector._bash_login_cmd PASSED [  2%]
metomi/rose/macros/rule.py::rose.macros.rule.Float.__gt__ PASSED         [  4%]
metomi/rose/macros/rule.py::rose.macros.rule.Float.__lt__ PASSED         [  4%]
metomi/rose/macros/rule.py::rose.macros.rule.Int.__gt__ PASSED           [  5%]
metomi/rose/macros/rule.py::rose.macros.rule.Int.__lt__ PASSED           [  5%]
metomi/rose/macros/rule.py::rose.macros.rule.Str.__gt__ PASSED           [  6%]
metomi/rose/macros/rule.py::rose.macros.rule.Str.__lt__ PASSED           [  6%]
            "metomi/rose": "master"
  metomi_rose_opts: all
metomi/rose/popen.py::rose.popen.RosePopener.list_to_shell_str PASSED    [  3%]
metomi/rose/popen.py::rose.popen.RosePopener.shlex_join PASSED           [  3%]
  metomi_rose_repo: metomi/rose
        "metomi/rose": ["test"]
metomi/rose/tests/macros/test_py2_compat_types.py::test_python2_compat_classes[test0] PASSED [ 39%]
metomi/rose/tests/macros/test_py2_compat_types.py::test_python2_compat_classes[test100] PASSED [ 83%]
metomi/rose/tests/macros/test_py2_compat_types.py::test_python2_compat_classes[test101] PASSED [ 83%]
metomi/rose/tests/macros/test_py2_compat_types.py::test_python2_compat_classes[test102] PASSED [ 84%]
metomi/rose/tests/macros/test_py2_compat_types.py::test_python2_compat_classes[test103] PASSED [ 84%]
metomi/rose/tests/macros/test_py2_compat_types.py::test_python2_compat_classes[test104] PASSED [ 85%]
metomi/rose/tests/macros/test_py2_compat_types.py::test_python2_compat_classes[test105] PASSED [ 85%]
metomi/rose/tests/macros/test_py2_compat_types.py::test_python2_compat_classes[test106] PASSED [ 86%]
metomi/rose/tests/macros/test_py2_compat_types.py::test_python2_compat_classes[test107] PASSED [ 86%]
metomi/rose/tests/macros/test_py2_compat_types.py::test_python2_compat_classes[test108] PASSED [ 86%]
metomi/rose/tests/macros/test_py2_compat_types.py::test_python2_compat_classes[test109] PASSED [ 87%]
metomi/rose/tests/macros/test_py2_compat_types.py::test_python2_compat_classes[test10] PASSED [ 44%]
metomi/rose/tests/macros/test_py2_compat_types.py::test_python2_compat_classes[test110] PASSED [ 87%]
metomi/rose/tests/macros/test_py2_compat_types.py::test_python2_compat_classes[test111] PASSED [ 88%]
metomi/rose/tests/macros/test_py2_compat_types.py::test_python2_compat_classes[test112] PASSED [ 88%]
metomi/rose/tests/macros/test_py2_compat_types.py::test_python2_compat_classes[test113] PASSED [ 89%]
metomi/rose/tests/macros/test_py2_compat_types.py::test_python2_compat_classes[test114] PASSED [ 89%]
metomi/rose/tests/macros/test_py2_compat_types.py::test_python2_compat_classes[test11] PASSED [ 44%]
metomi/rose/tests/macros/test_py2_compat_types.py::test_python2_compat_classes[test12] PASSED [ 44%]
metomi/rose/tests/macros/test_py2_compat_types.py::test_python2_compat_classes[test13] PASSED [ 45%]
metomi/rose/tests/macros/test_py2_compat_types.py::test_python2_compat_classes[test14] PASSED [ 45%]
metomi/rose/tests/macros/test_py2_compat_types.py::test_python2_compat_classes[test15] PASSED [ 46%]
metomi/rose/tests/macros/test_py2_compat_types.py::test_python2_compat_classes[test16] PASSED [ 46%]
metomi/rose/tests/macros/test_py2_compat_types.py::test_python2_compat_classes[test17] PASSED [ 47%]
metomi/rose/tests/macros/test_py2_compat_types.py::test_python2_compat_classes[test18] PASSED [ 47%]
metomi/rose/tests/macros/test_py2_compat_types.py::test_python2_compat_classes[test19] PASSED [ 48%]
metomi/rose/tests/macros/test_py2_compat_types.py::test_python2_compat_classes[test1] PASSED [ 40%]
metomi/rose/tests/macros/test_py2_compat_types.py::test_python2_compat_classes[test20] PASSED [ 48%]
metomi/rose/tests/macros/test_py2_compat_types.py::test_python2_compat_classes[test21] PASSED [ 48%]
metomi/rose/tests/macros/test_py2_compat_types.py::test_python2_compat_classes[test22] PASSED [ 49%]
metomi/rose/tests/macros/test_py2_compat_types.py::test_python2_compat_classes[test23] PASSED [ 49%]
metomi/rose/tests/macros/test_py2_compat_types.py::test_python2_compat_classes[test24] PASSED [ 50%]
metomi/rose/tests/macros/test_py2_compat_types.py::test_python2_compat_classes[test25] PASSED [ 50%]
metomi/rose/tests/macros/test_py2_compat_types.py::test_python2_compat_classes[test26] PASSED [ 51%]
metomi/rose/tests/macros/test_py2_compat_types.py::test_python2_compat_classes[test27] PASSED [ 51%]
metomi/rose/tests/macros/test_py2_compat_types.py::test_python2_compat_classes[test28] PASSED [ 51%]
metomi/rose/tests/macros/test_py2_compat_types.py::test_python2_compat_classes[test29] PASSED [ 52%]
metomi/rose/tests/macros/test_py2_compat_types.py::test_python2_compat_classes[test2] PASSED [ 40%]
metomi/rose/tests/macros/test_py2_compat_types.py::test_python2_compat_classes[test30] PASSED [ 52%]
metomi/rose/tests/macros/test_py2_compat_types.py::test_python2_compat_classes[test31] PASSED [ 53%]
metomi/rose/tests/macros/test_py2_compat_types.py::test_python2_compat_classes[test32] PASSED [ 53%]
metomi/rose/tests/macros/test_py2_compat_types.py::test_python2_compat_classes[test33] PASSED [ 54%]
metomi/rose/tests/macros/test_py2_compat_types.py::test_python2_compat_classes[test34] PASSED [ 54%]
metomi/rose/tests/macros/test_py2_compat_types.py::test_python2_compat_classes[test35] PASSED [ 55%]
metomi/rose/tests/macros/test_py2_compat_types.py::test_python2_compat_classes[test36] PASSED [ 55%]
metomi/rose/tests/macros/test_py2_compat_types.py::test_python2_compat_classes[test37] PASSED [ 55%]
metomi/rose/tests/macros/test_py2_compat_types.py::test_python2_compat_classes[test38] PASSED [ 56%]
metomi/rose/tests/macros/test_py2_compat_types.py::test_python2_compat_classes[test39] PASSED [ 56%]
metomi/rose/tests/macros/test_py2_compat_types.py::test_python2_compat_classes[test3] PASSED [ 41%]
metomi/rose/tests/macros/test_py2_compat_types.py::test_python2_compat_classes[test40] PASSED [ 57%]
metomi/rose/tests/macros/test_py2_compat_types.py::test_python2_compat_classes[test41] PASSED [ 57%]
metomi/rose/tests/macros/test_py2_compat_types.py::test_python2_compat_classes[test42] PASSED [ 58%]
metomi/rose/tests/macros/test_py2_compat_types.py::test_python2_compat_classes[test43] PASSED [ 58%]
metomi/rose/tests/macros/test_py2_compat_types.py::test_python2_compat_classes[test44] PASSED [ 58%]
metomi/rose/tests/macros/test_py2_compat_types.py::test_python2_compat_classes[test45] PASSED [ 59%]
metomi/rose/tests/macros/test_py2_compat_types.py::test_python2_compat_classes[test46] PASSED [ 59%]
metomi/rose/tests/macros/test_py2_compat_types.py::test_python2_compat_classes[test47] PASSED [ 60%]
metomi/rose/tests/macros/test_py2_compat_types.py::test_python2_compat_classes[test48] PASSED [ 60%]
metomi/rose/tests/macros/test_py2_compat_types.py::test_python2_compat_classes[test49] PASSED [ 61%]
metomi/rose/tests/macros/test_py2_compat_types.py::test_python2_compat_classes[test4] PASSED [ 41%]
metomi/rose/tests/macros/test_py2_compat_types.py::test_python2_compat_classes[test50] PASSED [ 61%]
metomi/rose/tests/macros/test_py2_compat_types.py::test_python2_compat_classes[test51] PASSED [ 62%]
metomi/rose/tests/macros/test_py2_compat_types.py::test_python2_compat_classes[test52] PASSED [ 62%]
metomi/rose/tests/macros/test_py2_compat_types.py::test_python2_compat_classes[test53] PASSED [ 62%]
metomi/rose/tests/macros/test_py2_compat_types.py::test_python2_compat_classes[test54] PASSED [ 63%]
metomi/rose/tests/macros/test_py2_compat_types.py::test_python2_compat_classes[test55] PASSED [ 63%]
metomi/rose/tests/macros/test_py2_compat_types.py::test_python2_compat_classes[test56] PASSED [ 64%]
metomi/rose/tests/macros/test_py2_compat_types.py::test_python2_compat_classes[test57] PASSED [ 64%]
metomi/rose/tests/macros/test_py2_compat_types.py::test_python2_compat_classes[test58] PASSED [ 65%]
metomi/rose/tests/macros/test_py2_compat_types.py::test_python2_compat_classes[test59] PASSED [ 65%]
metomi/rose/tests/macros/test_py2_compat_types.py::test_python2_compat_classes[test5] PASSED [ 41%]
metomi/rose/tests/macros/test_py2_compat_types.py::test_python2_compat_classes[test60] PASSED [ 65%]
metomi/rose/tests/macros/test_py2_compat_types.py::test_python2_compat_classes[test61] PASSED [ 66%]
metomi/rose/tests/macros/test_py2_compat_types.py::test_python2_compat_classes[test62] PASSED [ 66%]
metomi/rose/tests/macros/test_py2_compat_types.py::test_python2_compat_classes[test63] PASSED [ 67%]
metomi/rose/tests/macros/test_py2_compat_types.py::test_python2_compat_classes[test64] PASSED [ 67%]
metomi/rose/tests/macros/test_py2_compat_types.py::test_python2_compat_classes[test65] PASSED [ 68%]
metomi/rose/tests/macros/test_py2_compat_types.py::test_python2_compat_classes[test66] PASSED [ 68%]
metomi/rose/tests/macros/test_py2_compat_types.py::test_python2_compat_classes[test67] PASSED [ 68%]
metomi/rose/tests/macros/test_py2_compat_types.py::test_python2_compat_classes[test68] PASSED [ 69%]
metomi/rose/tests/macros/test_py2_compat_types.py::test_python2_compat_classes[test69] PASSED [ 69%]
metomi/rose/tests/macros/test_py2_compat_types.py::test_python2_compat_classes[test6] PASSED [ 42%]
metomi/rose/tests/macros/test_py2_compat_types.py::test_python2_compat_classes[test70] PASSED [ 70%]
metomi/rose/tests/macros/test_py2_compat_types.py::test_python2_compat_classes[test71] PASSED [ 70%]
metomi/rose/tests/macros/test_py2_compat_types.py::test_python2_compat_classes[test72] PASSED [ 71%]
metomi/rose/tests/macros/test_py2_compat_types.py::test_python2_compat_classes[test73] PASSED [ 71%]
metomi/rose/tests/macros/test_py2_compat_types.py::test_python2_compat_classes[test74] PASSED [ 72%]
metomi/rose/tests/macros/test_py2_compat_types.py::test_python2_compat_classes[test75] PASSED [ 72%]
metomi/rose/tests/macros/test_py2_compat_types.py::test_python2_compat_classes[test76] PASSED [ 72%]
metomi/rose/tests/macros/test_py2_compat_types.py::test_python2_compat_classes[test77] PASSED [ 73%]
metomi/rose/tests/macros/test_py2_compat_types.py::test_python2_compat_classes[test78] PASSED [ 73%]
metomi/rose/tests/macros/test_py2_compat_types.py::test_python2_compat_classes[test79] PASSED [ 74%]
metomi/rose/tests/macros/test_py2_compat_types.py::test_python2_compat_classes[test7] PASSED [ 42%]
metomi/rose/tests/macros/test_py2_compat_types.py::test_python2_compat_classes[test80] PASSED [ 74%]
metomi/rose/tests/macros/test_py2_compat_types.py::test_python2_compat_classes[test81] PASSED [ 75%]
metomi/rose/tests/macros/test_py2_compat_types.py::test_python2_compat_classes[test82] PASSED [ 75%]
metomi/rose/tests/macros/test_py2_compat_types.py::test_python2_compat_classes[test83] PASSED [ 75%]
metomi/rose/tests/macros/test_py2_compat_types.py::test_python2_compat_classes[test84] PASSED [ 76%]
metomi/rose/tests/macros/test_py2_compat_types.py::test_python2_compat_classes[test85] PASSED [ 76%]
metomi/rose/tests/macros/test_py2_compat_types.py::test_python2_compat_classes[test86] PASSED [ 77%]
metomi/rose/tests/macros/test_py2_compat_types.py::test_python2_compat_classes[test87] PASSED [ 77%]
metomi/rose/tests/macros/test_py2_compat_types.py::test_python2_compat_classes[test88] PASSED [ 78%]
metomi/rose/tests/macros/test_py2_compat_types.py::test_python2_compat_classes[test89] PASSED [ 78%]
metomi/rose/tests/macros/test_py2_compat_types.py::test_python2_compat_classes[test8] PASSED [ 43%]
metomi/rose/tests/macros/test_py2_compat_types.py::test_python2_compat_classes[test90] PASSED [ 79%]
metomi/rose/tests/macros/test_py2_compat_types.py::test_python2_compat_classes[test91] PASSED [ 79%]
metomi/rose/tests/macros/test_py2_compat_types.py::test_python2_compat_classes[test92] PASSED [ 79%]
metomi/rose/tests/macros/test_py2_compat_types.py::test_python2_compat_classes[test93] PASSED [ 80%]
metomi/rose/tests/macros/test_py2_compat_types.py::test_python2_compat_classes[test94] PASSED [ 80%]
metomi/rose/tests/macros/test_py2_compat_types.py::test_python2_compat_classes[test95] PASSED [ 81%]
metomi/rose/tests/macros/test_py2_compat_types.py::test_python2_compat_classes[test96] PASSED [ 81%]
metomi/rose/tests/macros/test_py2_compat_types.py::test_python2_compat_classes[test97] PASSED [ 82%]
metomi/rose/tests/macros/test_py2_compat_types.py::test_python2_compat_classes[test98] PASSED [ 82%]
metomi/rose/tests/macros/test_py2_compat_types.py::test_python2_compat_classes[test99] PASSED [ 82%]
metomi/rose/tests/macros/test_py2_compat_types.py::test_python2_compat_classes[test9] PASSED [ 43%]
metomi/rose/tests/macros/test_rule.py::test__process_rule[all_rule-empy:suite.rc] PASSED [ 92%]
metomi/rose/tests/macros/test_rule.py::test__process_rule[all_rule-namelist] PASSED [ 91%]
metomi/rose/tests/macros/test_rule.py::test__process_rule[all_rule-template variables] PASSED [ 91%]
metomi/rose/tests/macros/test_rule.py::test__process_rule[basic_rule-empy:suite.rc] PASSED [ 90%]
metomi/rose/tests/macros/test_rule.py::test__process_rule[basic_rule-namelist] PASSED [ 90%]
metomi/rose/tests/macros/test_rule.py::test__process_rule[basic_rule-template variables] PASSED [ 89%]
metomi/rose/tests/macros/test_rule.py::test__process_rule[len_rule-empy:suite.rc] PASSED [ 93%]
metomi/rose/tests/macros/test_rule.py::test__process_rule[len_rule-namelist] PASSED [ 93%]
metomi/rose/tests/macros/test_rule.py::test__process_rule[len_rule-template variables] PASSED [ 92%]
metomi/rose/tests/macros/test_rule.py::test__process_rule_scientific_numbers PASSED [ 93%]
metomi/rose/tests/suite_engine_procs/test_cylc.py::test_get_suite_jobs_auths[1 cycle:1 host] PASSED [ 95%]
metomi/rose/tests/suite_engine_procs/test_cylc.py::test_get_suite_jobs_auths[1 cycle:3 hosts] PASSED [ 96%]
metomi/rose/tests/suite_engine_procs/test_cylc.py::test_get_suite_jobs_auths[2 cycles:1 platform] PASSED [ 96%]
metomi/rose/tests/suite_engine_procs/test_cylc.py::test_get_suite_jobs_auths[2 cycles:2 platforms] PASSED [ 96%]
metomi/rose/tests/suite_engine_procs/test_cylc.py::test_get_task_auth[platform is local] PASSED [ 94%]
metomi/rose/tests/suite_engine_procs/test_cylc.py::test_get_task_auth[platform is remote] PASSED [ 94%]
metomi/rose/tests/suite_engine_procs/test_cylc.py::test_get_task_auth[Task not in config] PASSED [ 95%]
metomi/rose/tests/test_config.py::test_dump_empty PASSED                 [  8%]
metomi/rose/tests/test_config.py::test_dump_normal PASSED                [  8%]
metomi/rose/tests/test_config.py::test_dump_root PASSED                  [  9%]
metomi/rose/tests/test_config.py::test_init PASSED                       [  6%]
metomi/rose/tests/test_config.py::test_iter PASSED                       [  7%]
metomi/rose/tests/test_config.py::test_load_bad_syntax PASSED            [ 10%]
metomi/rose/tests/test_config.py::test_load_basic PASSED                 [ 10%]
metomi/rose/tests/test_config.py::test_load_empty PASSED                 [  9%]
metomi/rose/tests/test_config.py::test_load_info_config_bad_syntax PASSED [ 10%]
metomi/rose/tests/test_config.py::test_set PASSED                        [  7%]
metomi/rose/tests/test_date_cli.py::test_cycling_mode PASSED             [ 29%]
metomi/rose/tests/test_date_cli.py::test__handle_old_datetimes[(control) it doesn't modify ctime %a %b %d %H:%M:%S %Y] PASSED [ 24%]
metomi/rose/tests/test_date_cli.py::test__handle_old_datetimes[(control) it doesn't modify ISO8601 %Y%m%dT%H:%M:%S%Z] PASSED [ 24%]
metomi/rose/tests/test_date_cli.py::test__handle_old_datetimes[(control) it doesn't modify ISO8601 %Y%m%dT%H] PASSED [ 23%]
metomi/rose/tests/test_date_cli.py::test__handle_old_datetimes[it replaces Cylc5 date, offset after] PASSED [ 25%]
metomi/rose/tests/test_date_cli.py::test__handle_old_datetimes[it replaces Cylc5 date, offset before uses =] PASSED [ 26%]
metomi/rose/tests/test_date_cli.py::test__handle_old_datetimes[it replaces Cylc5 date, offset first] PASSED [ 25%]
metomi/rose/tests/test_date_cli.py::test__handle_old_datetimes[it replaces Cylc5 date] PASSED [ 24%]
metomi/rose/tests/test_date_cli.py::test__handle_old_datetimes[it replaces Cylc5 date with 2 date args] PASSED [ 26%]
metomi/rose/tests/test_date_cli.py::test__handle_old_datetimes[it upgrades unix style times] PASSED [ 27%]
metomi/rose/tests/test_date_cli.py::test__handle_old_offsets[it copes with negative offsets0] PASSED [ 21%]
metomi/rose/tests/test_date_cli.py::test__handle_old_offsets[it copes with negative offsets1] PASSED [ 22%]
metomi/rose/tests/test_date_cli.py::test__handle_old_offsets[it copes with -s=\\s\\d[wdhms]] PASSED [ 23%]
metomi/rose/tests/test_date_cli.py::test__handle_old_offsets[it copes with unfilled opts] PASSED [ 22%]
metomi/rose/tests/test_date_cli.py::test__handle_old_offsets[it doesn't do anything to modern offsets0] PASSED [ 20%]
metomi/rose/tests/test_date_cli.py::test__handle_old_offsets[it doesn't do anything to modern offsets1] PASSED [ 21%]
metomi/rose/tests/test_date_cli.py::test__handle_old_offsets[it parses multiple args] PASSED [ 20%]
metomi/rose/tests/test_date_cli.py::test__handle_old_offsets[it parses --offset <offset>] PASSED [ 19%]
metomi/rose/tests/test_date_cli.py::test__handle_old_offsets[it parses --offset=<offset>] PASSED [ 19%]
metomi/rose/tests/test_date_cli.py::test__handle_old_offsets[it parses -s <offset>] PASSED [ 20%]
metomi/rose/tests/test_date_cli.py::test_main[it works on ctime %a %b %d %H:%M:%S %Y] PASSED [ 27%]
metomi/rose/tests/test_date_cli.py::test_main[it works on ISO8601 %Y-%m-%dT%H:%M:%S%z] PASSED [ 28%]
metomi/rose/tests/test_date_cli.py::test_main[it works on ISO8601 %Y-%m-%dT%H:%M%z] PASSED [ 28%]
metomi/rose/tests/test_date_cli.py::test_main[it works on pre Cylc 5 datetimes %Y%m%d%H] PASSED [ 29%]
metomi/rose/tests/test_date_cli.py::test_main[it works on Unix date %a %b %d %H:%M:%S %Z %Y] PASSED [ 27%]
metomi/rose/tests/test_date.py::test_upgrade_offset[it parses all smhdw--] PASSED [ 16%]
metomi/rose/tests/test_date.py::test_upgrade_offset[it parses all smhdw-] PASSED [ 17%]
metomi/rose/tests/test_date.py::test_upgrade_offset[it parses all wdhms--] PASSED [ 15%]
metomi/rose/tests/test_date.py::test_upgrade_offset[it parses all wdhms-] PASSED [ 16%]
metomi/rose/tests/test_date.py::test_upgrade_offset[it parses d alone--] PASSED [ 12%]
metomi/rose/tests/test_date.py::test_upgrade_offset[it parses d alone-] PASSED [ 12%]
metomi/rose/tests/test_date.py::test_upgrade_offset[it parses h alone--] PASSED [ 13%]
metomi/rose/tests/test_date.py::test_upgrade_offset[it parses h alone-] PASSED [ 13%]
metomi/rose/tests/test_date.py::test_upgrade_offset[it parses it parses times only--] PASSED [ 18%]
metomi/rose/tests/test_date.py::test_upgrade_offset[it parses it parses times only-] PASSED [ 18%]
metomi/rose/tests/test_date.py::test_upgrade_offset[it parses large numbers--] PASSED [ 17%]
metomi/rose/tests/test_date.py::test_upgrade_offset[it parses large numbers-] PASSED [ 17%]
metomi/rose/tests/test_date.py::test_upgrade_offset[it parses m alone--] PASSED [ 13%]
metomi/rose/tests/test_date.py::test_upgrade_offset[it parses m alone-] PASSED [ 14%]
metomi/rose/tests/test_date.py::test_upgrade_offset[it parses s alone--] PASSED [ 14%]
metomi/rose/tests/test_date.py::test_upgrade_offset[it parses s alone-] PASSED [ 15%]
metomi/rose/tests/test_date.py::test_upgrade_offset[it parses w alone--] PASSED [ 11%]
metomi/rose/tests/test_date.py::test_upgrade_offset[it parses w alone-] PASSED [ 11%]
metomi/rose/tests/test_env_cat.py::test_no_input_file_handled[False] PASSED [ 31%]
metomi/rose/tests/test_env_cat.py::test_no_input_file_handled[True] PASSED [ 31%]
metomi/rose/tests/test_env_cat.py::test_output_to_file PASSED            [ 31%]
metomi/rose/tests/test_env.py::_TestEnvExport::test_report_new PASSED    [ 30%]
metomi/rose/tests/test_env.py::_TestEnvExport::test_report_old PASSED    [ 30%]
metomi/rose/tests/test_host_select_client.py::test_empty PASSED          [ 32%]
metomi/rose/tests/test_host_select_client.py::test_request PASSED        [ 33%]
metomi/rose/tests/test_host_select_client.py::test_stdin_pollution PASSED [ 32%]
metomi/rose/tests/test_loc_handlers_rsync_remote_check.py::test_check_file PASSED [ 33%]
metomi/rose/tests/test_loc_handlers_rsync_remote_check.py::test_check_folder PASSED [ 34%]
metomi/rose/tests/test_popen.py::_TestOSErrorFilename::test_oserror_has_filename PASSED [ 34%]
metomi/rose/tests/test_resource_locator.py::test_default PASSED          [ 34%]
metomi/rose/tests/test_resource_locator.py::test_rose_conf_path_blank PASSED [ 35%]
metomi/rose/tests/test_resource_locator.py::test_rose_conf_path PASSED   [ 36%]
metomi/rose/tests/test_resource_locator.py::test_rose_site_conf_path PASSED [ 36%]
metomi/rose/tests/test_resource_locator.py::test_skip_no_read PASSED     [ 35%]
metomi/rose/tests/test_rose.py::test_pythonpath_manip PASSED             [ 37%]
metomi/rose/tests/test_trigger_file.py::test_trigger_file PASSED         [ 37%]
metomi/rose/tests/test_unicode_utils.py::test_try_BufferedWriter_and_bytes PASSED [ 38%]
metomi/rose/tests/test_unicode_utils.py::test_try_BufferedWriter_and_str PASSED [ 37%]
metomi/rose/tests/test_unicode_utils.py::test_try_StringIO_and_bytes PASSED [ 39%]
metomi/rose/tests/test_unicode_utils.py::test_try_StringIO_and_str PASSED [ 38%]
metomi/rosie/tests/test_suite_id.py::test_parse_cylc_vc_file[Non-SVN VCS info] PASSED [ 97%]
metomi/rosie/tests/test_suite_id.py::test_parse_cylc_vc_file[Valid SVN info] PASSED [ 97%]
  meto_rose: master
NEEDRESTART-KCUR: 6.5.0-1025-azure
NEEDRESTART-KCUR: 6.5.0-1025-azure
NEEDRESTART-KEXP: 6.5.0-1025-azure
NEEDRESTART-KEXP: 6.5.0-1025-azure
NEEDRESTART-KSTA: 1
NEEDRESTART-KSTA: 1
NEEDRESTART-VER: 3.5
NEEDRESTART-VER: 3.5
Need to get 2392 kB of archives.
Need to get 6315 kB of archives.
 * [new branch]      master     -> origin/master
    "nightly_actions": {
Note: switching to 'afbcedeb8dc954dacb4669f53910a3193e806ec5'.
[notice] A new release of pip is available: 23.0.1 -> 24.0
[notice] A new release of pip is available: 23.0.1 -> 24.0
[notice] To update, run: pip install --upgrade pip
[notice] To update, run: pip install --upgrade pip
  OBJC_DISABLE_INITIALIZE_FORK_SAFETY: YES
OK
  origin/master
Or undo this operation with:
Packages: write
Pages: write
  path: fcm
  path: rose
  persist-credentials: true
  persist-credentials: true
  PKG_CONFIG_PATH: /opt/hostedtoolcache/Python/3.7.17/x64/lib/pkgconfig
  PKG_CONFIG_PATH: /opt/hostedtoolcache/Python/3.7.17/x64/lib/pkgconfig
  PKG_CONFIG_PATH: /opt/hostedtoolcache/Python/3.7.17/x64/lib/pkgconfig
  PKG_CONFIG_PATH: /opt/hostedtoolcache/Python/3.7.17/x64/lib/pkgconfig
  PKG_CONFIG_PATH: /opt/hostedtoolcache/Python/3.7.17/x64/lib/pkgconfig
  PKG_CONFIG_PATH: /opt/hostedtoolcache/Python/3.7.17/x64/lib/pkgconfig
  PKG_CONFIG_PATH: /opt/hostedtoolcache/Python/3.7.17/x64/lib/pkgconfig
  PKG_CONFIG_PATH: /opt/hostedtoolcache/Python/3.7.17/x64/lib/pkgconfig
  PKG_CONFIG_PATH: /opt/hostedtoolcache/Python/3.7.17/x64/lib/pkgconfig
  PKG_CONFIG_PATH: /opt/hostedtoolcache/Python/3.7.17/x64/lib/pkgconfig
  PKG_CONFIG_PATH: /opt/hostedtoolcache/Python/3.7.17/x64/lib/pkgconfig
  PKG_CONFIG_PATH: /opt/hostedtoolcache/Python/3.7.17/x64/lib/pkgconfig
  PKG_CONFIG_PATH: /opt/hostedtoolcache/Python/3.7.17/x64/lib/pkgconfig
platform linux -- Python 3.7.17, pytest-7.4.4, pluggy-1.2.0 -- /opt/hostedtoolcache/Python/3.7.17/x64/bin/python
Post job cleanup.
Post job cleanup.
Post job cleanup.
Prepare all required actions
Prepare workflow directory
  Preparing metadata (pyproject.toml): finished with status 'done'
  Preparing metadata (pyproject.toml): finished with status 'done'
  Preparing metadata (pyproject.toml): finished with status 'done'
  Preparing metadata (pyproject.toml): finished with status 'done'
  Preparing metadata (pyproject.toml): finished with status 'done'
  Preparing metadata (pyproject.toml): finished with status 'done'
  Preparing metadata (pyproject.toml): started
  Preparing metadata (pyproject.toml): started
  Preparing metadata (pyproject.toml): started
  Preparing metadata (pyproject.toml): started
  Preparing metadata (pyproject.toml): started
  Preparing metadata (pyproject.toml): started
Preparing to unpack .../00-at_3.2.5-1ubuntu1_amd64.deb ...
Preparing to unpack .../00-libdata-dump-perl_1.25-1_all.deb ...
Preparing to unpack .../01-libann0_1.1.2+doc-7build1_amd64.deb ...
Preparing to unpack .../01-libdbi-perl_1.643-3build3_amd64.deb ...
Preparing to unpack .../02-libcdt5_2.42.2-6ubuntu0.1_amd64.deb ...
Preparing to unpack .../02-libdbd-sqlite3-perl_1.70-3build1_amd64.deb ...
Preparing to unpack .../03-libcgraph6_2.42.2-6ubuntu0.1_amd64.deb ...
Preparing to unpack .../03-libfile-listing-perl_6.14-1_all.deb ...
Preparing to unpack .../04-libfont-afm-perl_1.20-3_all.deb ...
Preparing to unpack .../04-libgts-0.7-5_0.7.6+darcs121130-5_amd64.deb ...
Preparing to unpack .../05-libhtml-form-perl_6.07-1_all.deb ...
Preparing to unpack .../05-libpathplan4_2.42.2-6ubuntu0.1_amd64.deb ...
Preparing to unpack .../06-libgvc6_2.42.2-6ubuntu0.1_amd64.deb ...
Preparing to unpack .../06-libhtml-tree-perl_5.07-2_all.deb ...
Preparing to unpack .../07-libgvpr2_2.42.2-6ubuntu0.1_amd64.deb ...
Preparing to unpack .../07-libhtml-format-perl_2.12-1.1_all.deb ...
Preparing to unpack .../08-libhttp-cookies-perl_6.10-1_all.deb ...
Preparing to unpack .../08-liblab-gamut1_2.42.2-6ubuntu0.1_amd64.deb ...
Preparing to unpack .../09-graphviz_2.42.2-6ubuntu0.1_amd64.deb ...
Preparing to unpack .../09-libhttp-daemon-perl_6.13-1ubuntu0.1_all.deb ...
Preparing to unpack .../10-libgtk2.0-common_2.24.33-2ubuntu2.1_all.deb ...
Preparing to unpack .../10-libhttp-negotiate-perl_6.01-1_all.deb ...
Preparing to unpack .../11-libgtk2.0-0_2.24.33-2ubuntu2.1_amd64.deb ...
Preparing to unpack .../11-perl-openssl-defaults_5build2_amd64.deb ...
Preparing to unpack .../12-libgail18_2.24.33-2ubuntu2.1_amd64.deb ...
Preparing to unpack .../12-libnet-ssleay-perl_1.92-1build2_amd64.deb ...
Preparing to unpack .../13-libgail-common_2.24.33-2ubuntu2.1_amd64.deb ...
Preparing to unpack .../13-libio-socket-ssl-perl_2.074-2_all.deb ...
Preparing to unpack .../14-libnet-http-perl_6.22-1_all.deb ...
Preparing to unpack .../14-libxdot4_2.42.2-6ubuntu0.1_amd64.deb ...
Preparing to unpack .../15-libgvc6-plugins-gtk_2.42.2-6ubuntu0.1_amd64.deb ...
Preparing to unpack .../15-libtry-tiny-perl_0.31-1_all.deb ...
Preparing to unpack .../16-libgraphviz-dev_2.42.2-6ubuntu0.1_amd64.deb ...
Preparing to unpack .../16-libwww-robotrules-perl_6.02-1_all.deb ...
Preparing to unpack .../17-libgtk2.0-bin_2.24.33-2ubuntu2.1_amd64.deb ...
Preparing to unpack .../17-libwww-perl_6.61-1_all.deb ...
Preparing to unpack .../18-libgts-bin_0.7.6+darcs121130-5_amd64.deb ...
Preparing to unpack .../18-liblwp-protocol-https-perl_6.10-1_all.deb ...
Preparing to unpack .../19-libnet-smtp-ssl-perl_1.04-1_all.deb ...
Preparing to unpack .../20-libmailtools-perl_2.21-1_all.deb ...
Preparing to unpack .../21-libxml-parser-perl_2.46-3build1_amd64.deb ...
Preparing to unpack .../22-libauthen-sasl-perl_2.1600-1.1_all.deb ...
Preparing to unpack .../23-libconfig-inifiles-perl_3.000003-1_all.deb ...
Processing /home/runner/work/rose/rose/rose
Processing triggers for libc-bin (2.35-0ubuntu3.8) ...
Processing triggers for man-db (2.10.2-1) ...
Processing triggers for man-db (2.10.2-1) ...
PullRequests: write
  Python2_ROOT_DIR: /opt/hostedtoolcache/Python/3.7.17/x64
  Python2_ROOT_DIR: /opt/hostedtoolcache/Python/3.7.17/x64
  Python2_ROOT_DIR: /opt/hostedtoolcache/Python/3.7.17/x64
  Python2_ROOT_DIR: /opt/hostedtoolcache/Python/3.7.17/x64
  Python2_ROOT_DIR: /opt/hostedtoolcache/Python/3.7.17/x64
  Python2_ROOT_DIR: /opt/hostedtoolcache/Python/3.7.17/x64
  Python2_ROOT_DIR: /opt/hostedtoolcache/Python/3.7.17/x64
  Python2_ROOT_DIR: /opt/hostedtoolcache/Python/3.7.17/x64
  Python2_ROOT_DIR: /opt/hostedtoolcache/Python/3.7.17/x64
  Python2_ROOT_DIR: /opt/hostedtoolcache/Python/3.7.17/x64
  Python2_ROOT_DIR: /opt/hostedtoolcache/Python/3.7.17/x64
  Python2_ROOT_DIR: /opt/hostedtoolcache/Python/3.7.17/x64
  Python2_ROOT_DIR: /opt/hostedtoolcache/Python/3.7.17/x64
Python 3.7.17
  Python3_ROOT_DIR: /opt/hostedtoolcache/Python/3.7.17/x64
  Python3_ROOT_DIR: /opt/hostedtoolcache/Python/3.7.17/x64
  Python3_ROOT_DIR: /opt/hostedtoolcache/Python/3.7.17/x64
  Python3_ROOT_DIR: /opt/hostedtoolcache/Python/3.7.17/x64
  Python3_ROOT_DIR: /opt/hostedtoolcache/Python/3.7.17/x64
  Python3_ROOT_DIR: /opt/hostedtoolcache/Python/3.7.17/x64
  Python3_ROOT_DIR: /opt/hostedtoolcache/Python/3.7.17/x64
  Python3_ROOT_DIR: /opt/hostedtoolcache/Python/3.7.17/x64
  Python3_ROOT_DIR: /opt/hostedtoolcache/Python/3.7.17/x64
  Python3_ROOT_DIR: /opt/hostedtoolcache/Python/3.7.17/x64
  Python3_ROOT_DIR: /opt/hostedtoolcache/Python/3.7.17/x64
  Python3_ROOT_DIR: /opt/hostedtoolcache/Python/3.7.17/x64
  Python3_ROOT_DIR: /opt/hostedtoolcache/Python/3.7.17/x64
  pythonLocation: /opt/hostedtoolcache/Python/3.7.17/x64
  pythonLocation: /opt/hostedtoolcache/Python/3.7.17/x64
  pythonLocation: /opt/hostedtoolcache/Python/3.7.17/x64
  pythonLocation: /opt/hostedtoolcache/Python/3.7.17/x64
  pythonLocation: /opt/hostedtoolcache/Python/3.7.17/x64
  pythonLocation: /opt/hostedtoolcache/Python/3.7.17/x64
  pythonLocation: /opt/hostedtoolcache/Python/3.7.17/x64
  pythonLocation: /opt/hostedtoolcache/Python/3.7.17/x64
  pythonLocation: /opt/hostedtoolcache/Python/3.7.17/x64
  pythonLocation: /opt/hostedtoolcache/Python/3.7.17/x64
  pythonLocation: /opt/hostedtoolcache/Python/3.7.17/x64
  pythonLocation: /opt/hostedtoolcache/Python/3.7.17/x64
  pythonLocation: /opt/hostedtoolcache/Python/3.7.17/x64
  Python_ROOT_DIR: /opt/hostedtoolcache/Python/3.7.17/x64
  Python_ROOT_DIR: /opt/hostedtoolcache/Python/3.7.17/x64
  Python_ROOT_DIR: /opt/hostedtoolcache/Python/3.7.17/x64
  Python_ROOT_DIR: /opt/hostedtoolcache/Python/3.7.17/x64
  Python_ROOT_DIR: /opt/hostedtoolcache/Python/3.7.17/x64
  Python_ROOT_DIR: /opt/hostedtoolcache/Python/3.7.17/x64
  Python_ROOT_DIR: /opt/hostedtoolcache/Python/3.7.17/x64
  Python_ROOT_DIR: /opt/hostedtoolcache/Python/3.7.17/x64
  Python_ROOT_DIR: /opt/hostedtoolcache/Python/3.7.17/x64
  Python_ROOT_DIR: /opt/hostedtoolcache/Python/3.7.17/x64
  Python_ROOT_DIR: /opt/hostedtoolcache/Python/3.7.17/x64
  Python_ROOT_DIR: /opt/hostedtoolcache/Python/3.7.17/x64
  Python_ROOT_DIR: /opt/hostedtoolcache/Python/3.7.17/x64
  python-version: 3.7
(Reading database ... 
(Reading database ... 
(Reading database ... 10%
(Reading database ... 10%
(Reading database ... 100%
(Reading database ... 100%
(Reading database ... 15%
(Reading database ... 15%
(Reading database ... 20%
(Reading database ... 20%
(Reading database ... 25%
(Reading database ... 25%
(Reading database ... 266986 files and directories currently installed.)
(Reading database ... 267347 files and directories currently installed.)
(Reading database ... 30%
(Reading database ... 30%
(Reading database ... 35%
(Reading database ... 35%
(Reading database ... 40%
(Reading database ... 40%
(Reading database ... 45%
(Reading database ... 45%
(Reading database ... 5%
(Reading database ... 5%
(Reading database ... 50%
(Reading database ... 50%
(Reading database ... 55%
(Reading database ... 55%
(Reading database ... 60%
(Reading database ... 60%
(Reading database ... 65%
(Reading database ... 65%
(Reading database ... 70%
(Reading database ... 70%
(Reading database ... 75%
(Reading database ... 75%
(Reading database ... 80%
(Reading database ... 80%
(Reading database ... 85%
(Reading database ... 85%
(Reading database ... 90%
(Reading database ... 90%
(Reading database ... 95%
(Reading database ... 95%
Reading package lists...
Reading package lists...
Reading package lists...
Reading state information...
Reading state information...
  ref: afbcedeb8dc954dacb4669f53910a3193e806ec5
  ref: master
    "repos": [
  repository: metomi/fcm
  repository: metomi/rose
  REPOSITORY: metomi/rose
RepositoryProjects: write
Requirement already satisfied: aiofiles in /opt/hostedtoolcache/Python/3.7.17/x64/lib/python3.7/site-packages (from metomi-rose==2.4.*->cylc-rose@ git+https://github.com/cylc/cylc-rose@master->-r requirement.txt (line 2)) (23.2.1)
Requirement already satisfied: aniso8601<=7,>=3 in /opt/hostedtoolcache/Python/3.7.17/x64/lib/python3.7/site-packages (from graphene<3,>=2.1->cylc-flow@ git+https://github.com/cylc/cylc-flow@master->-r requirement.txt (line 1)) (7.0.0)
Requirement already satisfied: ansimarkup>=1.0.0 in /opt/hostedtoolcache/Python/3.7.17/x64/lib/python3.7/site-packages (from cylc-flow@ git+https://github.com/cylc/cylc-flow@master->-r requirement.txt (line 1)) (2.1.0)
Requirement already satisfied: async-timeout>=3.0.0 in /opt/hostedtoolcache/Python/3.7.17/x64/lib/python3.7/site-packages (from cylc-flow@ git+https://github.com/cylc/cylc-flow@master->-r requirement.txt (line 1)) (4.0.3)
Requirement already satisfied: certifi>=2017.4.17 in /opt/hostedtoolcache/Python/3.7.17/x64/lib/python3.7/site-packages (from requests->metomi-rose==2.4.*->cylc-rose@ git+https://github.com/cylc/cylc-rose@master->-r requirement.txt (line 2)) (2024.8.30)
Requirement already satisfied: cffi>=1.12 in /opt/hostedtoolcache/Python/3.7.17/x64/lib/python3.7/site-packages (from cryptography>=2.0->SecretStorage>=3.2->keyring==23.*->metomi-rose==2.4.*->cylc-rose@ git+https://github.com/cylc/cylc-rose@master->-r requirement.txt (line 2)) (1.15.1)
Requirement already satisfied: charset-normalizer<4,>=2 in /opt/hostedtoolcache/Python/3.7.17/x64/lib/python3.7/site-packages (from requests->metomi-rose==2.4.*->cylc-rose@ git+https://github.com/cylc/cylc-rose@master->-r requirement.txt (line 2)) (3.4.0)
Requirement already satisfied: colorama<1,>=0.4 in /opt/hostedtoolcache/Python/3.7.17/x64/lib/python3.7/site-packages (from cylc-flow@ git+https://github.com/cylc/cylc-flow@master->-r requirement.txt (line 1)) (0.4.6)
Requirement already satisfied: cryptography>=2.0 in /opt/hostedtoolcache/Python/3.7.17/x64/lib/python3.7/site-packages (from SecretStorage>=3.2->keyring==23.*->metomi-rose==2.4.*->cylc-rose@ git+https://github.com/cylc/cylc-rose@master->-r requirement.txt (line 2)) (43.0.3)
Requirement already satisfied: graphene<3,>=2.1 in /opt/hostedtoolcache/Python/3.7.17/x64/lib/python3.7/site-packages (from cylc-flow@ git+https://github.com/cylc/cylc-flow@master->-r requirement.txt (line 1)) (2.1.9)
Requirement already satisfied: graphql-core<3,>=2.1 in /opt/hostedtoolcache/Python/3.7.17/x64/lib/python3.7/site-packages (from graphene<3,>=2.1->cylc-flow@ git+https://github.com/cylc/cylc-flow@master->-r requirement.txt (line 1)) (2.3.2)
Requirement already satisfied: graphql-relay<3,>=2 in /opt/hostedtoolcache/Python/3.7.17/x64/lib/python3.7/site-packages (from graphene<3,>=2.1->cylc-flow@ git+https://github.com/cylc/cylc-flow@master->-r requirement.txt (line 1)) (2.0.1)
Requirement already satisfied: greenlet!=0.4.17 in /opt/hostedtoolcache/Python/3.7.17/x64/lib/python3.7/site-packages (from sqlalchemy==1.*->metomi-rose==2.4.*->cylc-rose@ git+https://github.com/cylc/cylc-rose@master->-r requirement.txt (line 2)) (3.1.1)
Requirement already satisfied: idna<4,>=2.5 in /opt/hostedtoolcache/Python/3.7.17/x64/lib/python3.7/site-packages (from requests->metomi-rose==2.4.*->cylc-rose@ git+https://github.com/cylc/cylc-rose@master->-r requirement.txt (line 2)) (3.10)
Requirement already satisfied: importlib-metadata>=5.0 in /opt/hostedtoolcache/Python/3.7.17/x64/lib/python3.7/site-packages (from cylc-flow@ git+https://github.com/cylc/cylc-flow@master->-r requirement.txt (line 1)) (6.7.0)
Requirement already satisfied: importlib-resources>=2.0 in /opt/hostedtoolcache/Python/3.7.17/x64/lib/python3.7/site-packages (from metomi-rose==2.4.*->cylc-rose@ git+https://github.com/cylc/cylc-rose@master->-r requirement.txt (line 2)) (5.12.0)
Requirement already satisfied: jaraco.classes in /opt/hostedtoolcache/Python/3.7.17/x64/lib/python3.7/site-packages (from keyring==23.*->metomi-rose==2.4.*->cylc-rose@ git+https://github.com/cylc/cylc-rose@master->-r requirement.txt (line 2)) (3.2.3)
Requirement already satisfied: jeepney>=0.4.2 in /opt/hostedtoolcache/Python/3.7.17/x64/lib/python3.7/site-packages (from keyring==23.*->metomi-rose==2.4.*->cylc-rose@ git+https://github.com/cylc/cylc-rose@master->-r requirement.txt (line 2)) (0.8.0)
Requirement already satisfied: jinja2==3.0.* in /opt/hostedtoolcache/Python/3.7.17/x64/lib/python3.7/site-packages (from cylc-flow@ git+https://github.com/cylc/cylc-flow@master->-r requirement.txt (line 1)) (3.0.3)
Requirement already satisfied: keyring==23.* in /opt/hostedtoolcache/Python/3.7.17/x64/lib/python3.7/site-packages (from metomi-rose==2.4.*->cylc-rose@ git+https://github.com/cylc/cylc-rose@master->-r requirement.txt (line 2)) (23.13.1)
Requirement already satisfied: ldap3 in /opt/hostedtoolcache/Python/3.7.17/x64/lib/python3.7/site-packages (from metomi-rose==2.4.*->cylc-rose@ git+https://github.com/cylc/cylc-rose@master->-r requirement.txt (line 2)) (2.9.1)
Requirement already satisfied: MarkupSafe>=2.0 in /opt/hostedtoolcache/Python/3.7.17/x64/lib/python3.7/site-packages (from jinja2==3.0.*->cylc-flow@ git+https://github.com/cylc/cylc-flow@master->-r requirement.txt (line 1)) (2.1.5)
Requirement already satisfied: metomi-isodatetime<1!3.2.0,>=1!3.0.0 in /opt/hostedtoolcache/Python/3.7.17/x64/lib/python3.7/site-packages (from cylc-flow@ git+https://github.com/cylc/cylc-flow@master->-r requirement.txt (line 1)) (1!3.1.0)
Requirement already satisfied: metomi-rose==2.4.* in /opt/hostedtoolcache/Python/3.7.17/x64/lib/python3.7/site-packages (from cylc-rose@ git+https://github.com/cylc/cylc-rose@master->-r requirement.txt (line 2)) (2.4.0.dev0)
Requirement already satisfied: more-itertools in /opt/hostedtoolcache/Python/3.7.17/x64/lib/python3.7/site-packages (from jaraco.classes->keyring==23.*->metomi-rose==2.4.*->cylc-rose@ git+https://github.com/cylc/cylc-rose@master->-r requirement.txt (line 2)) (9.1.0)
Requirement already satisfied: packaging in /opt/hostedtoolcache/Python/3.7.17/x64/lib/python3.7/site-packages (from cylc-flow@ git+https://github.com/cylc/cylc-flow@master->-r requirement.txt (line 1)) (24.0)
Requirement already satisfied: promise in /opt/hostedtoolcache/Python/3.7.17/x64/lib/python3.7/site-packages (from cylc-flow@ git+https://github.com/cylc/cylc-flow@master->-r requirement.txt (line 1)) (2.3)
Requirement already satisfied: protobuf<4.25.0,>=4.24.4 in /opt/hostedtoolcache/Python/3.7.17/x64/lib/python3.7/site-packages (from cylc-flow@ git+https://github.com/cylc/cylc-flow@master->-r requirement.txt (line 1)) (4.24.4)
Requirement already satisfied: psutil>=5.6.0 in /opt/hostedtoolcache/Python/3.7.17/x64/lib/python3.7/site-packages (from cylc-flow@ git+https://github.com/cylc/cylc-flow@master->-r requirement.txt (line 1)) (6.1.0)
Requirement already satisfied: pyasn1>=0.4.6 in /opt/hostedtoolcache/Python/3.7.17/x64/lib/python3.7/site-packages (from ldap3->metomi-rose==2.4.*->cylc-rose@ git+https://github.com/cylc/cylc-rose@master->-r requirement.txt (line 2)) (0.5.1)
Requirement already satisfied: pycparser in /opt/hostedtoolcache/Python/3.7.17/x64/lib/python3.7/site-packages (from cffi>=1.12->cryptography>=2.0->SecretStorage>=3.2->keyring==23.*->metomi-rose==2.4.*->cylc-rose@ git+https://github.com/cylc/cylc-rose@master->-r requirement.txt (line 2)) (2.21)
Requirement already satisfied: pyzmq>=22 in /opt/hostedtoolcache/Python/3.7.17/x64/lib/python3.7/site-packages (from cylc-flow@ git+https://github.com/cylc/cylc-flow@master->-r requirement.txt (line 1)) (26.2.0)
Requirement already satisfied: requests in /opt/hostedtoolcache/Python/3.7.17/x64/lib/python3.7/site-packages (from metomi-rose==2.4.*->cylc-rose@ git+https://github.com/cylc/cylc-rose@master->-r requirement.txt (line 2)) (2.31.0)
Requirement already satisfied: rx in /opt/hostedtoolcache/Python/3.7.17/x64/lib/python3.7/site-packages (from cylc-flow@ git+https://github.com/cylc/cylc-flow@master->-r requirement.txt (line 1)) (1.6.3)
Requirement already satisfied: SecretStorage>=3.2 in /opt/hostedtoolcache/Python/3.7.17/x64/lib/python3.7/site-packages (from keyring==23.*->metomi-rose==2.4.*->cylc-rose@ git+https://github.com/cylc/cylc-rose@master->-r requirement.txt (line 2)) (3.3.3)
Requirement already satisfied: setuptools in /opt/hostedtoolcache/Python/3.7.17/x64/lib/python3.7/site-packages (from hieroglyph>=2.1.0->metomi-rose==2.4.0.dev0) (47.1.0)
Requirement already satisfied: six<2,>=1.10.0 in /opt/hostedtoolcache/Python/3.7.17/x64/lib/python3.7/site-packages (from graphene<3,>=2.1->cylc-flow@ git+https://github.com/cylc/cylc-flow@master->-r requirement.txt (line 1)) (1.16.0)
Requirement already satisfied: sqlalchemy==1.* in /opt/hostedtoolcache/Python/3.7.17/x64/lib/python3.7/site-packages (from metomi-rose==2.4.*->cylc-rose@ git+https://github.com/cylc/cylc-rose@master->-r requirement.txt (line 2)) (1.4.54)
Requirement already satisfied: tomli>=2 in /opt/hostedtoolcache/Python/3.7.17/x64/lib/python3.7/site-packages (from cylc-flow@ git+https://github.com/cylc/cylc-flow@master->-r requirement.txt (line 1)) (2.0.1)
Requirement already satisfied: typing-extensions in /opt/hostedtoolcache/Python/3.7.17/x64/lib/python3.7/site-packages (from urwid!=2.6.2,!=2.6.3,==2.*->cylc-flow@ git+https://github.com/cylc/cylc-flow@master->-r requirement.txt (line 1)) (4.7.1)
Requirement already satisfied: urllib3<3,>=1.21.1 in /opt/hostedtoolcache/Python/3.7.17/x64/lib/python3.7/site-packages (from requests->metomi-rose==2.4.*->cylc-rose@ git+https://github.com/cylc/cylc-rose@master->-r requirement.txt (line 2)) (2.0.7)
Requirement already satisfied: urwid!=2.6.2,!=2.6.3,==2.* in /opt/hostedtoolcache/Python/3.7.17/x64/lib/python3.7/site-packages (from cylc-flow@ git+https://github.com/cylc/cylc-flow@master->-r requirement.txt (line 1)) (2.6.16)
Requirement already satisfied: wcwidth in /opt/hostedtoolcache/Python/3.7.17/x64/lib/python3.7/site-packages (from urwid!=2.6.2,!=2.6.3,==2.*->cylc-flow@ git+https://github.com/cylc/cylc-flow@master->-r requirement.txt (line 1)) (0.2.13)
Requirement already satisfied: zipp>=0.5 in /opt/hostedtoolcache/Python/3.7.17/x64/lib/python3.7/site-packages (from importlib-metadata>=5.0->cylc-flow@ git+https://github.com/cylc/cylc-flow@master->-r requirement.txt (line 1)) (3.15.0)
Reset branch 'master'
  Resolved https://github.com/cylc/cylc-flow to commit 4aa492d95c82bc55ac2f49b7beeefb057fcae48c
  Resolved https://github.com/cylc/cylc-rose to commit 13057ab90ea046c8c89e878bfe5a2198ca16a7a6
Resolving raw.githubusercontent.com (raw.githubusercontent.com)... 185.199.108.133, 185.199.111.133, 185.199.109.133, ...
Result: PASS
rm: cannot remove '../rose-meta/test-app-upgrade/versions.pyc': No such file or directory
rootdir: /home/runner/work/rose/rose/rose
rose=master
runner
  Running command git clone --filter=blob:none --quiet https://github.com/cylc/cylc-flow /tmp/pip-install-_pcpwqbm/cylc-flow_e661f092df8e48aca5db9d213e458507
  Running command git clone --filter=blob:none --quiet https://github.com/cylc/cylc-rose /tmp/pip-install-_pcpwqbm/cylc-rose_20391433ca5348518cfcf6f0725ff4e1
Saving to: â€˜branches.jsonâ€™
Secret source: Actions
SecurityEvents: write
Selecting previously unselected package at.
Selecting previously unselected package graphviz.
Selecting previously unselected package libann0.
Selecting previously unselected package libauthen-sasl-perl.
Selecting previously unselected package libcdt5:amd64.
Selecting previously unselected package libcgraph6:amd64.
Selecting previously unselected package libconfig-inifiles-perl.
Selecting previously unselected package libdata-dump-perl.
Selecting previously unselected package libdbd-sqlite3-perl:amd64.
Selecting previously unselected package libdbi-perl:amd64.
Selecting previously unselected package libfile-listing-perl.
Selecting previously unselected package libfont-afm-perl.
Selecting previously unselected package libgail18:amd64.
Selecting previously unselected package libgail-common:amd64.
Selecting previously unselected package libgraphviz-dev:amd64.
Selecting previously unselected package libgtk2.0-0:amd64.
Selecting previously unselected package libgtk2.0-bin.
Selecting previously unselected package libgtk2.0-common.
Selecting previously unselected package libgts-0.7-5:amd64.
Selecting previously unselected package libgts-bin.
Selecting previously unselected package libgvc6.
Selecting previously unselected package libgvc6-plugins-gtk.
Selecting previously unselected package libgvpr2:amd64.
Selecting previously unselected package libhtml-format-perl.
Selecting previously unselected package libhtml-form-perl.
Selecting previously unselected package libhtml-tree-perl.
Selecting previously unselected package libhttp-cookies-perl.
Selecting previously unselected package libhttp-daemon-perl.
Selecting previously unselected package libhttp-negotiate-perl.
Selecting previously unselected package libio-socket-ssl-perl.
Selecting previously unselected package liblab-gamut1:amd64.
Selecting previously unselected package liblwp-protocol-https-perl.
Selecting previously unselected package libmailtools-perl.
Selecting previously unselected package libnet-http-perl.
Selecting previously unselected package libnet-smtp-ssl-perl.
Selecting previously unselected package libnet-ssleay-perl:amd64.
Selecting previously unselected package libpathplan4:amd64.
Selecting previously unselected package libtry-tiny-perl.
Selecting previously unselected package libwww-perl.
Selecting previously unselected package libwww-robotrules-perl.
Selecting previously unselected package libxdot4:amd64.
Selecting previously unselected package libxml-parser-perl:amd64.
Selecting previously unselected package perl-openssl-defaults:amd64.
  set-safe-directory: true
  set-safe-directory: true
Setting up at (3.2.5-1ubuntu1) ...
Setting up graphviz (2.42.2-6ubuntu0.1) ...
Setting up libann0 (1.1.2+doc-7build1) ...
Setting up libauthen-sasl-perl (2.1600-1.1) ...
Setting up libcdt5:amd64 (2.42.2-6ubuntu0.1) ...
Setting up libcgraph6:amd64 (2.42.2-6ubuntu0.1) ...
Setting up libconfig-inifiles-perl (3.000003-1) ...
Setting up libdata-dump-perl (1.25-1) ...
Setting up libdbd-sqlite3-perl:amd64 (1.70-3build1) ...
Setting up libdbi-perl:amd64 (1.643-3build3) ...
Setting up libfile-listing-perl (6.14-1) ...
Setting up libfont-afm-perl (1.20-3) ...
Setting up libgail18:amd64 (2.24.33-2ubuntu2.1) ...
Setting up libgail-common:amd64 (2.24.33-2ubuntu2.1) ...
Setting up libgraphviz-dev:amd64 (2.42.2-6ubuntu0.1) ...
Setting up libgtk2.0-0:amd64 (2.24.33-2ubuntu2.1) ...
Setting up libgtk2.0-bin (2.24.33-2ubuntu2.1) ...
Setting up libgtk2.0-common (2.24.33-2ubuntu2.1) ...
Setting up libgts-0.7-5:amd64 (0.7.6+darcs121130-5) ...
Setting up libgts-bin (0.7.6+darcs121130-5) ...
Setting up libgvc6 (2.42.2-6ubuntu0.1) ...
Setting up libgvc6-plugins-gtk (2.42.2-6ubuntu0.1) ...
Setting up libgvpr2:amd64 (2.42.2-6ubuntu0.1) ...
Setting up libhtml-format-perl (2.12-1.1) ...
Setting up libhtml-form-perl (6.07-1) ...
Setting up libhtml-tree-perl (5.07-2) ...
Setting up libhttp-cookies-perl (6.10-1) ...
Setting up libhttp-daemon-perl (6.13-1ubuntu0.1) ...
Setting up libhttp-negotiate-perl (6.01-1) ...
Setting up libio-socket-ssl-perl (2.074-2) ...
Setting up liblab-gamut1:amd64 (2.42.2-6ubuntu0.1) ...
Setting up liblwp-protocol-https-perl (6.10-1) ...
Setting up libmailtools-perl (2.21-1) ...
Setting up libnet-http-perl (6.22-1) ...
Setting up libnet-smtp-ssl-perl (1.04-1) ...
Setting up libnet-ssleay-perl:amd64 (1.92-1build2) ...
Setting up libpathplan4:amd64 (2.42.2-6ubuntu0.1) ...
Setting up libtry-tiny-perl (0.31-1) ...
Setting up libwww-perl (6.61-1) ...
Setting up libwww-robotrules-perl (6.02-1) ...
Setting up libxdot4:amd64 (2.42.2-6ubuntu0.1) ...
Setting up libxml-parser-perl:amd64 (2.46-3build1) ...
Setting up perl-openssl-defaults:amd64 (5build2) ...
shellcheck is already the newest version (0.8.0-2).
shell: /usr/bin/bash --noprofile --norc -e -o pipefail {0}
shell: /usr/bin/bash --noprofile --norc -e -o pipefail {0}
shell: /usr/bin/bash --noprofile --norc -e -o pipefail {0}
shell: /usr/bin/bash --noprofile --norc -e -o pipefail {0}
shell: /usr/bin/bash --noprofile --norc -e -o pipefail {0}
shell: /usr/bin/bash --noprofile --norc -e -o pipefail {0}
shell: /usr/bin/bash --noprofile --norc -e -o pipefail {0}
shell: /usr/bin/bash --noprofile --norc -e -o pipefail {0}
shell: /usr/bin/bash --noprofile --norc -e -o pipefail {0}
  show-progress: true
  show-progress: true
  sparse-checkout-cone-mode: true
  sparse-checkout-cone-mode: true
sphinx/ext/auto_cli_doc.py::auto_cli_doc.format_literals PASSED          [ 98%]
sphinx/ext/auto_cli_doc.py::auto_cli_doc.list_strip PASSED               [ 98%]
sphinx/ext/rose_domain.py::rose_domain.namespace_from_tokens PASSED      [ 99%]
sphinx/ext/rose_domain.py::rose_domain.tokenise_namespace PASSED         [ 99%]
sphinx/ext/rose_domain.py::rose_domain.tokens_from_ref_context PASSED    [100%]
sqlite3 is already the newest version (3.37.2-2ubuntu0.3).
* ssh -n "fv-az768-556.40rqqy2ogysuddehfxxvv4ylpd.ex.internal.cloudapp.net" kill 23875      # final brute force!
  ssh-strict: true
  ssh-strict: true
  ssh-user: git
  ssh-user: git
state without impacting any branches by switching back to a branch.
Statuses: write
  Stored in directory: /home/runner/.cache/pip/wheels/29/93/c6/762e359f8cb6a5b69c72235d798804cae523bbe41c2aa8333d
  Stored in directory: /home/runner/.cache/pip/wheels/8c/bc/0c/ac35392b72556e75107ff610cb31b313e8471918a6d280e34c
  Stored in directory: /home/runner/.cache/pip/wheels/cd/e7/db/6f01a00b076824ca473d5107503f8d43c5c470684858dc5b14
  Stored in directory: /tmp/pip-ephem-wheel-cache-0uspqtnc/wheels/97/0c/83/fe2048b7edfb213c912e2c97d9f1bca27b47b00a0e2c44d5d9
  Stored in directory: /tmp/pip-ephem-wheel-cache-0uspqtnc/wheels/ac/2c/c7/8800c9e1d399ee9afb19f2969ec39e928429178d3091593fa5
  Stored in directory: /tmp/pip-ephem-wheel-cache-_pedbolg/wheels/de/1c/03/6250d088502e0c6aeb6c33e709ebaa0b815f7925f6f8c06313
  submodules: false
  submodules: false
subversion is already the newest version (1.14.1-3ubuntu0.22.04.1).
Successfully built cylc-flow cylc-rose
Successfully built metomi-rose pygraphviz promise rx
Successfully installed cylc-flow-8.4.0.dev0 cylc-rose-1.5.0.dev0
Successfully installed MarkupSafe-2.1.5 SecretStorage-3.3.3 aiofiles-23.2.1 aiosmtpd-1.4.4.post2 alabaster-0.7.13 aniso8601-7.0.0 ansimarkup-2.1.0 async-timeout-4.0.3 atpublic-3.1.2 attrs-24.2.0 babel-2.14.0 certifi-2024.8.30 cffi-1.15.1 charset-normalizer-3.4.0 colorama-0.4.6 cryptography-43.0.3 cylc-flow-8.3.5 cylc-sphinx-extensions-1.4.3 docutils-0.19 exceptiongroup-1.2.2 graphene-2.1.9 graphql-core-2.3.2 graphql-relay-2.0.1 greenlet-3.1.1 hieroglyph-2.1.0 idna-3.10 imagesize-1.4.1 importlib-metadata-6.7.0 importlib-resources-5.12.0 iniconfig-2.0.0 jaraco.classes-3.2.3 jeepney-0.8.0 jinja2-3.0.3 keyring-23.13.1 ldap3-2.9.1 metomi-isodatetime-1!3.1.0 metomi-rose-2.4.0.dev0 more-itertools-9.1.0 packaging-24.0 pluggy-1.2.0 promise-2.3 protobuf-4.24.4 psutil-6.1.0 pyasn1-0.5.1 pycodestyle-2.10.0 pycparser-2.21 pygments-2.17.2 pygraphviz-1.7 pytest-7.4.4 pytz-2024.2 pyzmq-26.2.0 requests-2.31.0 rx-1.6.3 six-1.16.0 snowballstemmer-2.2.0 sphinx-5.3.0 sphinx-rtd-theme-2.0.0 sphinxcontrib-applehelp-1.0.2 sphinxcontrib-devhelp-1.0.2 sphinxcontrib-htmlhelp-2.0.0 sphinxcontrib-httpdomain-1.8.1 sphinxcontrib-jquery-4.1 sphinxcontrib-jsmath-1.0.1 sphinxcontrib-qthelp-1.0.3 sphinxcontrib-serializinghtml-1.1.5 sphinxcontrib-svg2pdfconverter-1.2.3 sqlalchemy-1.4.54 tomli-2.0.1 typing-extensions-4.7.1 urllib3-2.0.7 urwid-2.6.16 wcwidth-0.2.13 zipp-3.15.0
Successfully set up CPython (3.7.17)
      Successfully uninstalled cylc-flow-8.3.5
Suggested packages:
Suggested packages:
Syncing repository: metomi/fcm
Syncing repository: metomi/rose
./t/docs/02-tutorial-suites.t ...................................... skipped: (no reason given)
Temporarily overriding HOME='/home/runner/work/_temp/21a84814-b667-42b1-80cd-70a6c05d4c59' before making global git config changes
Temporarily overriding HOME='/home/runner/work/_temp/b6e6a8d9-a4de-4f27-b4a9-1cd47fc80619' before making global git config changes
Temporarily overriding HOME='/home/runner/work/_temp/d42d4765-ba36-4582-89e4-2d387606b6ed' before making global git config changes
Temporarily overriding HOME='/home/runner/work/_temp/eee7a407-1624-44cc-85a5-2cfce4e9f3bf' before making global git config changes
testpaths: metomi/, sphinx/
============================= test session starts ==============================
The following additional packages will be installed:
The following additional packages will be installed:
The following NEW packages will be installed:
The following NEW packages will be installed:
  token: ***
  token: ***
  token: ***
To start a new run, stop the old one first with one or more of these:
./t/rosa-db-create/00-basic.t ...................................... ok
./t/rosa-svn-post-commit/00-basic.t ................................ ok
./t/rosa-svn-post-commit/01-mail-passwd.t .......................... ok
./t/rosa-svn-post-commit/02-mail-owner-passwd.t .................... ok
./t/rosa-svn-post-commit/03-unicode.t .............................. ok
./t/rosa-svn-pre-commit/00-basic.t ................................. ok
./t/rosa-svn-pre-commit/01-rosie-create.t .......................... ok
./t/rosa-svn-pre-commit/02-passwd.t ................................ ok
./t/rosa-svn-pre-commit/03-meta.t .................................. ok
./t/rosa-svn-pre-commit/04-unicode.t ............................... ok
./t/rose-ana/00-run-basic.t ........................................ ok
./t/rose-ana/01-run-basic-v1.t ..................................... ok
./t/rose-app-run/00-null.t ......................................... ok
./t/rose-app-run/01-basic.t ........................................ ok
./t/rose-app-run/02-command.t ...................................... ok
./t/rose-app-run/03-env.t .......................................... ok
./t/rose-app-run/04-stdin.t ........................................ ok
./t/rose-app-run/05-file.t ......................................... ok
./t/rose-app-run/06-namelist.t ..................................... ok
./t/rose-app-run/07-opt.t .......................................... ok
./t/rose-app-run/08-poll.t ......................................... ok
./t/rose-app-run/09-file-incr-0.t .................................. ok
./t/rose-app-run/10-file-incr-1.t .................................. ok
./t/rose-app-run/11-file-incr-2.t .................................. ok
./t/rose-app-run/12-file-incr-3.t .................................. skipped: "[t]job-host" not defined
./t/rose-app-run/13-file-source-tilde.t ............................ ok
./t/rose-app-run/14-file-source-optional.t ......................... ok
./t/rose-app-run/15-file-permission.t .............................. ok
./t/rose-app-run/16-file-mode-bad.t ................................ ok
./t/rose-app-run/17-file-db-bad.t .................................. ok
./t/rose-app-run/18-access-mode-change.t ........................... ok
./t/rose-app-run/19-file-unchanged.t ............................... ok
./t/rose-app-run/20-file-symlink-no-source.t ....................... ok
./t/rose-app-run/21-run-config-load-event.t ........................ ok
./t/rose-app-run/22-opt-conf-key-missing.t ......................... ok
./t/rose-app-run/23-file-both.t .................................... ok
./t/rose-app-run/24-app-unicode.t .................................. ok
./t/rose-app-run/25-file-symlink-plus.t ............................ ok
./t/rose-app-run/26-define-overrides.t ............................. ok
./t/rose-app-run/27-fileinstall-when-sourcelist-changed.t .......... ok
./t/rose-app-run/28-git.t: line 55: locate: command not found
./t/rose-app-run/28-git.t: line 77: /dev/tty: No such device or address
./t/rose-app-run/28-git.t: line 82: /dev/tty: No such device or address
./t/rose-app-run/28-git.t .......................................... ok
./t/rose-app-upgrade/00-null.t ..................................... ok
./t/rose-app-upgrade/01-upgrade-basic.t ............................ ok
./t/rose-app-upgrade/02-downgrade-basic.t .......................... ok
./t/rose-app-upgrade/03-complex.t .................................. ok
./t/rose-app-upgrade/04-upgrade-trigger.t .......................... ok
./t/rose-app-upgrade/05-cwd.t ...................................... ok
./t/rose-app-upgrade/06-broken.t ................................... ok
./t/rose-app-upgrade/07-add-existing.t ............................. ok
./t/rose-app-upgrade/08-category-is-package.t ...................... ok
./t/rose-app-upgrade/09-opt.t ...................................... ok
./t/rose-app-upgrade/10-prettify-trigger-bug.t ..................... ok
./t/rose-app-upgrade/11-upgrade-basic-tree.t ....................... ok
./t/rose-app-upgrade/12-downgrade-basic-tree.t ..................... ok
./t/rose-app-upgrade/13-bad-upgrade-macro.t ........................ ok
./t/rose.c3/00-self.t .............................................. ok
./t/rose-config/00-basic.t ......................................... ok
./t/rose-config/01-opt.t ........................................... ok
./t/rose-config/03-syntax-error.t .................................. ok
./t/rose-config/04-meta.t .......................................... ok
./t/rose-config/05-opt-opt.t ....................................... ok
./t/rose-config-diff/00-basic.t .................................... ok
./t/rose-config-dump/00-basic.t .................................... ok
./t/rose-config-dump/01-indices.t .................................. ok
./t/rose-config-dump/02-files.t .................................... ok
./t/rose-config-dump/03-prettyprint.t .............................. ok
./t/rose.config_tree/00-self.t ..................................... ok
./t/rose.env/00-export.t ........................................... ok
./t/rose-env-cat/00-null.t ......................................... ok
./t/rose-env-cat/01-basic.t ........................................ ok
./t/rose-env-cat/02-braced.t ....................................... ok
./t/rose-help/00-alias.t ........................................... ok
./t/rose-host-select/00-basic.t .................................... ok
./t/rose-host-select/01-timeout.t .................................. ok
./t/rose-host-select/02-localhost.t ................................ ok
./t/rose-loc-handlers/test_rsync_loc_handlers.t .................... ok
./t/rose-macro/00-null.t ........................................... ok
./t/rose-macro/01-value-type-check-ok.t ............................ ok
./t/rose-macro/02-value-type-check-err.t ........................... ok
./t/rose-macro/03-value-range-check-ok.t ........................... ok
./t/rose-macro/04-value-range-check-err.t .......................... ok
./t/rose-macro/05-value-values-check.t ............................. ok
./t/rose-macro/06-value-pattern-check.t ............................ ok
./t/rose-macro/07-value-change.t ................................... ok
./t/rose-macro/08-compulsory-check.t ............................... ok
./t/rose-macro/09-rule-check.t ..................................... ok
./t/rose-macro/10-trigger-check.t .................................. ok
./t/rose-macro/11-trigger-change.t ................................. ok
./t/rose-macro/12-custom-change.t .................................. ok
./t/rose-macro/13-custom-check.t ................................... ok
./t/rose-macro/14-duplicate-check.t ................................ ok
./t/rose-macro/15-bad-custom-change.t .............................. ok
./t/rose-macro/16-cwd.t ............................................ ok
./t/rose-macro/17-import.t ......................................... ok
./t/rose-macro/18-opt-conf-check.t ................................. ok
./t/rose-macro/19-opt-conf-change-add.t ............................ ok
./t/rose-macro/20-opt-conf-change-modify.t ......................... ok
./t/rose-macro/21-opt-conf-change-remove.t ......................... ok
./t/rose-macro/22-repeats.t ........................................ ok
./t/rose-macro/23-import-tree.t .................................... ok
./t/rose-macro/24-optional-config-name.t ........................... ok
./t/rose-macro/25-suite-level.t .................................... ok
./t/rose-macro/26-optional-config-name-2.t ......................... ok
./t/rose-metadata-check/00-null.t .................................. ok
./t/rose-metadata-check/01-type-length.t ........................... ok
./t/rose-metadata-check/02-range.t ................................. ok
./t/rose-metadata-check/03-values.t ................................ ok
./t/rose-metadata-check/04-pattern.t ............................... ok
./t/rose-metadata-check/05-compulsory.t ............................ ok
./t/rose-metadata-check/06-rule.t .................................. ok
./t/rose-metadata-check/07-trigger.t ............................... ok
./t/rose-metadata-check/08-duplicate.t ............................. ok
./t/rose-metadata-check/09-custom-macro.t .......................... ok
./t/rose-metadata-check/11-invalid-settings.t ...................... ok
./t/rose-metadata-check/12-template-variables.t .................... ok
./t/rose-metadata-gen/00-null.t .................................... ok
./t/rose-metadata-gen/01-basic.t ................................... ok
./t/rose-metadata-gen/02-autotype.t ................................ ok
./t/rose-metadata-gen/03-propset.t ................................. ok
./t/rose-mpi-launch/00-command.t ................................... ok
./t/rose-mpi-launch/01-command-inner.t ............................. ok
./t/rose-mpi-launch/02-file.t ...................................... ok
./t/rose-mpi-launch/03-commands.t .................................. ok
./t/rose-namelist-dump/00-null.t ................................... ok
./t/rose-namelist-dump/01-empty.t .................................. ok
./t/rose-namelist-dump/02-type.t ................................... ok
./t/rose.popen/00-self.t ........................................... ok
./t/rose-task-env/00-non-cycle.t ................................... ok
./t/rose-task-env/01-integer-cycling.t ............................. ok
./t/rose-task-env/02-360day-cycling.t .............................. ok
./t/rose-task-run/00-run-basic.t ................................... ok
./t/rose-task-run/01-run-basic-iso.t ............................... ok
./t/rose-task-run/02-env-basic.t ................................... ok
./t/rose-task-run/03-env-basic-iso.t ............................... ok
./t/rose-task-run/04-run-path-empty.t .............................. ok
./t/rose-task-run/06-app-prune-iso.t ............................... ok
./t/rose-task-run/07-app-arch.t .................................... ok
./t/rose-task-run/08-app-fcm-make.t ................................ ok
./t/rose-task-run/09-app-prune-work.t .............................. ok
./t/rose-task-run/10-specify-cycle.t ............................... ok
./t/rose-task-run/11-specify-cycle-iso.t ........................... ok
./t/rose-task-run/12-app-prune-integer.t ........................... ok
./t/rose-task-run/13-app-arch-cmd-out.t ............................ ok
./t/rose-task-run/14-app-prune-remove.t ............................ ok
./t/rose-task-run/15-app-prune-extglob.t ........................... ok
./t/rose-task-run/16-app-prune-point.t ............................. ok
./t/rose-task-run/17-app-prune-glob-as-cycle-fmt.t ................. ok
./t/rose-task-run/18-app-fcm-make-ctx-name.t ....................... skipped: "[t]job-host" not defined or not available
./t/rose-task-run/19-app-fcm-make-ctx-name-with-share.t ............ skipped: "[t]job-host" not defined or not available
./t/rose-task-run/20-app-fcm-make-dest.t ........................... skipped: "[t]job-host" not defined or not available
./t/rose-task-run/21-app-fcm-make-dest-with-share.t ................ skipped: "[t]job-host" not defined or not available
./t/rose-task-run/22-app-fcm-make-dest-cont-alt.t .................. skipped: "[t]job-host" not defined or not available
./t/rose-task-run/23-app-fcm-make-dest-cont-alt-with-share.t ....... skipped: "[t]job-host" not defined or not available
./t/rose-task-run/24-app-fcm-make-fast.t ........................... ok
./t/rose-task-run/25-app-fcm-make-new-mode.t ....................... ok
./t/rose-task-run/26-app-fcm-make-new-mode-with-cont.t ............. skipped: "[t]job-host" not defined or not available
./t/rose-task-run/27-app-fcm-make-new-mode-with-cont-with-share.t .. skipped: "[t]job-host" not defined or not available
./t/rose-task-run/28-env-path-run-path.t ........................... ok
./t/rose-task-run/29-app-prune-extglob-remote.t .................... skipped: "[t]job-host" not defined
./t/rose-task-run/30-app-arch-opt-source.t ......................... ok
./t/rose-task-run/31-app-bunch.t ................................... ok
./t/rose-task-run/32-app-arch-compressed.t ......................... ok
./t/rose-task-run/33-app-prune-cycle-format.t ...................... ok
./t/rose-task-run/34-app-prune-hosts-sharing-fs.t .................. skipped: "[t]job-hosts-sharing-fs" not defined with 2 host names
./t/rose-task-run/35-app-prune-log-on-hosts-sharing-fs.t ........... skipped: "[t]job-hosts-sharing-fs" not defined with 2 host names
./t/rose-task-run/36-app-arch-interrupted.t ........................ ok
./t/rose-task-run/37-app-bunch-rm-old.t ............................ ok
./t/rose-task-run/38-app-bunch-counts.t ............................ ok
./t/rose-task-run/39-app-prune-cycle-host.t ........................ skipped: "[t]job-hosts-sharing-fs" not defined with 2 host names
./t/rose-task-run/40-app-arch-duplicate.t .......................... ok
./t/rose-task-run/41-app-bunch-default-command.t ................... ok
./t/rose-task-run/42-app-prune-no-rsync.t .......................... skipped: This test requires a remote host to be setup in your rose.conf file.
./t/rose-task-run/43-bunch-check-flows.t ........................... ok
./t/rose-task-run/44-bunch-incremental.t ........................... ok
./t/rose-task-run/45-app-fcm-make-compat_mode.t .................... ok
./t/rose.variable/00-trigger.t ..................................... ok
./t/rose.variable/01-array-split.t ................................. ok
./t/rosie-checkout/00-basic.t ...................................... ok
./t/rosie-create/00-basic.t ........................................ ok
./t/rosie-create/01-suite-info-meta.t .............................. ok
./t/rosie-create/02-copy-inter.t ................................... ok
./t/rosie.db/00-query.t ............................................ ok
./t/rosie-delete/00-basic.t ........................................ ok
./t/rosie-disco/00-basic.t ......................................... skipped: "tornado" or "sqlalchemy" not installed
./t/rosie-graph/00-basic.t ......................................... skipped: "tornado" or "sqlalchemy" not installed
./t/rosie-hello/00-null.t .......................................... ok
./t/rosie-id/00-basic.t ............................................ ok
./t/rosie-id/01-final.t ............................................ ok
./t/rosie-lookup/00-basic.t ........................................ skipped: "tornado" or "sqlalchemy" not installed
./t/rosie-lookup/01-multi.t ........................................ skipped: "tornado" or "sqlalchemy" not installed
./t/rosie-lookup/02-unicode.t ...................................... skipped: "tornado" or "sqlalchemy" not installed
./t/rosie-ls/00-basic.t ............................................ skipped: "tornado" or "sqlalchemy" not installed
./t/rosie-ls/01-many.t ............................................. skipped: "tornado" or "sqlalchemy" not installed
tr: write error
tr: write error
tr: write error
tr: write error
tr: write error
tr: write error
tr: write error
tr: write error
tr: write error
tr: write error
tr: write error
tr: write error
tr: write error
tr: write error
tr: write error
tr: write error
tr: write error
tr: write error
tr: write error
tr: write error
tr: write error
tr: write error
tr: write error
tr: write error
tr: write error
tr: write error
tr: write error
tr: write error
tr: write error
tr: write error
tr: write error
tr: write error
tr: write error
tr: write error
tr: write error
tr: write error
tr: write error
tr: write error
tr: write error: Broken pipe
tr: write error: Broken pipe
tr: write error: Broken pipe
tr: write error: Broken pipe
tr: write error: Broken pipe
tr: write error: Broken pipe
tr: write error: Broken pipe
tr: write error: Broken pipe
tr: write error: Broken pipe
tr: write error: Broken pipe
tr: write error: Broken pipe
tr: write error: Broken pipe
tr: write error: Broken pipe
tr: write error: Broken pipe
tr: write error: Broken pipe
tr: write error: Broken pipe
tr: write error: Broken pipe
tr: write error: Broken pipe
tr: write error: Broken pipe
tr: write error: Broken pipe
tr: write error: Broken pipe
tr: write error: Broken pipe
tr: write error: Broken pipe
tr: write error: Broken pipe
tr: write error: Broken pipe
tr: write error: Broken pipe
tr: write error: Broken pipe
tr: write error: Broken pipe
tr: write error: Broken pipe
tr: write error: Broken pipe
tr: write error: Broken pipe
tr: write error: Broken pipe
tr: write error: Broken pipe
tr: write error: Broken pipe
tr: write error: Broken pipe
tr: write error: Broken pipe
tr: write error: Broken pipe
tr: write error: Broken pipe
Turn off this advice by setting config variable advice.detachedHead to false
./t/workflow-file-install/00-install.t ............................. ok
Ubuntu
    Uninstalling cylc-flow-8.3.5:
Unpacking at (3.2.5-1ubuntu1) ...
Unpacking graphviz (2.42.2-6ubuntu0.1) ...
Unpacking libann0 (1.1.2+doc-7build1) ...
Unpacking libauthen-sasl-perl (2.1600-1.1) ...
Unpacking libcdt5:amd64 (2.42.2-6ubuntu0.1) ...
Unpacking libcgraph6:amd64 (2.42.2-6ubuntu0.1) ...
Unpacking libconfig-inifiles-perl (3.000003-1) ...
Unpacking libdata-dump-perl (1.25-1) ...
Unpacking libdbd-sqlite3-perl:amd64 (1.70-3build1) ...
Unpacking libdbi-perl:amd64 (1.643-3build3) ...
Unpacking libfile-listing-perl (6.14-1) ...
Unpacking libfont-afm-perl (1.20-3) ...
Unpacking libgail18:amd64 (2.24.33-2ubuntu2.1) ...
Unpacking libgail-common:amd64 (2.24.33-2ubuntu2.1) ...
Unpacking libgraphviz-dev:amd64 (2.42.2-6ubuntu0.1) ...
Unpacking libgtk2.0-0:amd64 (2.24.33-2ubuntu2.1) ...
Unpacking libgtk2.0-bin (2.24.33-2ubuntu2.1) ...
Unpacking libgtk2.0-common (2.24.33-2ubuntu2.1) ...
Unpacking libgts-0.7-5:amd64 (0.7.6+darcs121130-5) ...
Unpacking libgts-bin (0.7.6+darcs121130-5) ...
Unpacking libgvc6 (2.42.2-6ubuntu0.1) ...
Unpacking libgvc6-plugins-gtk (2.42.2-6ubuntu0.1) ...
Unpacking libgvpr2:amd64 (2.42.2-6ubuntu0.1) ...
Unpacking libhtml-format-perl (2.12-1.1) ...
Unpacking libhtml-form-perl (6.07-1) ...
Unpacking libhtml-tree-perl (5.07-2) ...
Unpacking libhttp-cookies-perl (6.10-1) ...
Unpacking libhttp-daemon-perl (6.13-1ubuntu0.1) ...
Unpacking libhttp-negotiate-perl (6.01-1) ...
Unpacking libio-socket-ssl-perl (2.074-2) ...
Unpacking liblab-gamut1:amd64 (2.42.2-6ubuntu0.1) ...
Unpacking liblwp-protocol-https-perl (6.10-1) ...
Unpacking libmailtools-perl (2.21-1) ...
Unpacking libnet-http-perl (6.22-1) ...
Unpacking libnet-smtp-ssl-perl (1.04-1) ...
Unpacking libnet-ssleay-perl:amd64 (1.92-1build2) ...
Unpacking libpathplan4:amd64 (2.42.2-6ubuntu0.1) ...
Unpacking libtry-tiny-perl (0.31-1) ...
Unpacking libwww-perl (6.61-1) ...
Unpacking libwww-robotrules-perl (6.02-1) ...
Unpacking libxdot4:amd64 (2.42.2-6ubuntu0.1) ...
Unpacking libxml-parser-perl:amd64 (2.46-3build1) ...
Unpacking perl-openssl-defaults:amd64 (5build2) ...
  update-environment: true
Version: 20241015.1.0
Warning: apt-key is deprecated. Manage keyring files in trusted.gpg.d instead (see apt-key(8)).
with:
with:
with:
with:
workflow contact file exists: /home/runner/cylc-run/rtb.20241022T044803Z/31-app-bunch/yGTTfA/.service/contact
Workflow: rtb.20241022T044803Z/31-app-bunch/yGTTfA
Workflow "rtb.20241022T044803Z/31-app-bunch/yGTTfA" is already running, listening at "fv-az768-556.40rqqy2ogysuddehfxxvv4ylpd.ex.internal.cloudapp.net:43093".
Working directory is '/home/runner/work/rose/rose/fcm'
Working directory is '/home/runner/work/rose/rose/rose'
yarn install v1.22.22
yes: standard output: Broken pipe
You are in 'detached HEAD' state. You can look around, make experimental
